{"contracts/core/BlackHole.sol":{"l":{},"path":"/home/dkravtsov1506/Desktop/no_yandex/TreasuryContracts/contracts/core/BlackHole.sol","s":{},"b":{},"f":{"1":300},"fnMap":{"1":{"name":"constructor","line":6,"loc":{"start":{"line":6,"column":4},"end":{"line":6,"column":19}}}},"statementMap":{},"branchMap":{}},"contracts/core/IToken.sol":{"l":{},"path":"/home/dkravtsov1506/Desktop/no_yandex/TreasuryContracts/contracts/core/IToken.sol","s":{},"b":{},"f":{},"fnMap":{},"statementMap":{},"branchMap":{}},"contracts/core/IVaultFactory.sol":{"l":{},"path":"/home/dkravtsov1506/Desktop/no_yandex/TreasuryContracts/contracts/core/IVaultFactory.sol","s":{},"b":{},"f":{},"fnMap":{},"statementMap":{},"branchMap":{}},"contracts/core/Vault.sol":{"l":{"25":87,"26":87,"42":82,"43":82,"51":41,"52":41,"53":41,"60":41,"61":41,"68":10,"69":10,"70":10,"72":10,"73":10,"81":31,"82":31,"83":31,"85":31,"86":31,"93":41,"94":41,"102":15,"104":15,"111":15,"112":15,"113":8,"114":8,"124":41,"131":10,"132":10,"133":10,"135":10,"136":10,"143":3,"144":3,"152":31,"153":31,"154":31,"156":31,"157":31,"165":9,"166":9,"175":12,"176":10,"177":10,"178":4,"179":4,"181":10,"182":10,"183":17,"184":13,"185":13,"194":6,"195":3,"203":75,"205":75,"212":15,"213":15,"214":75,"215":75,"216":40,"225":3,"226":3,"234":9,"235":9,"243":6,"244":3},"path":"/home/dkravtsov1506/Desktop/no_yandex/TreasuryContracts/contracts/core/Vault.sol","s":{"1":87,"2":87,"3":82,"4":82,"5":41,"6":41,"7":41,"8":41,"9":41,"10":10,"11":10,"12":10,"13":10,"14":10,"15":31,"16":31,"17":31,"18":31,"19":31,"20":41,"21":41,"22":15,"23":15,"24":15,"25":15,"26":8,"27":8,"28":41,"29":10,"30":10,"31":10,"32":10,"33":10,"34":3,"35":3,"36":31,"37":31,"38":31,"39":31,"40":31,"41":9,"42":9,"43":12,"44":10,"45":10,"46":4,"47":10,"48":10,"49":17,"50":13,"51":13,"52":6,"53":3,"54":75,"55":75,"56":15,"57":15,"58":75,"59":75,"60":40,"61":3,"62":3,"63":9,"64":9,"65":6,"66":3},"b":{"1":[8,7],"2":[10,2],"3":[4,6],"4":[13,4],"5":[40,35]},"f":{"1":87,"2":82,"3":41,"4":41,"5":10,"6":31,"7":41,"8":15,"9":15,"10":41,"11":10,"12":3,"13":31,"14":9,"15":12,"16":6,"17":75,"18":15,"19":3,"20":9,"21":6},"fnMap":{"1":{"name":"constructor","line":24,"loc":{"start":{"line":24,"column":4},"end":{"line":27,"column":4}}},"2":{"name":"_splitAmountByPercentage","line":37,"loc":{"start":{"line":37,"column":4},"end":{"line":44,"column":4}}},"3":{"name":"_calculateTransactionFee","line":50,"loc":{"start":{"line":50,"column":4},"end":{"line":54,"column":4}}},"4":{"name":"_splitFee","line":59,"loc":{"start":{"line":59,"column":4},"end":{"line":62,"column":4}}},"5":{"name":"_sendFeeInETH","line":67,"loc":{"start":{"line":67,"column":4},"end":{"line":74,"column":4}}},"6":{"name":"_sendFeeInERC20","line":80,"loc":{"start":{"line":80,"column":4},"end":{"line":87,"column":4}}},"7":{"name":"_getTotalSupplyBeforeBurning","line":92,"loc":{"start":{"line":92,"column":4},"end":{"line":95,"column":4}}},"8":{"name":"_tryBurnERC20","line":101,"loc":{"start":{"line":101,"column":4},"end":{"line":105,"column":4}}},"9":{"name":"_burnERC20PrimaryToken","line":110,"loc":{"start":{"line":110,"column":4},"end":{"line":116,"column":4}}},"10":{"name":"_calculateWithdrawalAmount","line":123,"loc":{"start":{"line":123,"column":4},"end":{"line":125,"column":4}}},"11":{"name":"_withdrawETH","line":130,"loc":{"start":{"line":130,"column":4},"end":{"line":137,"column":4}}},"12":{"name":"withdrawETHByERC20","line":142,"loc":{"start":{"line":142,"column":4},"end":{"line":145,"column":4}}},"13":{"name":"_withdrawERC20","line":151,"loc":{"start":{"line":151,"column":4},"end":{"line":158,"column":4}}},"14":{"name":"withdrawERC20ByERC20","line":164,"loc":{"start":{"line":164,"column":4},"end":{"line":167,"column":4}}},"15":{"name":"_withdrawMultipleTokens","line":174,"loc":{"start":{"line":174,"column":4},"end":{"line":187,"column":4}}},"16":{"name":"withdrawMultipleTokensByERC20","line":193,"loc":{"start":{"line":193,"column":4},"end":{"line":196,"column":4}}},"17":{"name":"_tryBurnERC721","line":202,"loc":{"start":{"line":202,"column":4},"end":{"line":206,"column":4}}},"18":{"name":"_burnERC721PrimaryTokens","line":211,"loc":{"start":{"line":211,"column":4},"end":{"line":219,"column":4}}},"19":{"name":"withdrawETHByERC721","line":224,"loc":{"start":{"line":224,"column":4},"end":{"line":227,"column":4}}},"20":{"name":"withdrawERC20ByERC721","line":233,"loc":{"start":{"line":233,"column":4},"end":{"line":236,"column":4}}},"21":{"name":"withdrawMultipleTokensByERC721","line":242,"loc":{"start":{"line":242,"column":4},"end":{"line":245,"column":4}}}},"statementMap":{"1":{"start":{"line":25,"column":8},"end":{"line":25,"column":34}},"2":{"start":{"line":26,"column":8},"end":{"line":26,"column":46}},"3":{"start":{"line":42,"column":8},"end":{"line":42,"column":41}},"4":{"start":{"line":43,"column":8},"end":{"line":43,"column":30}},"5":{"start":{"line":51,"column":8},"end":{"line":51,"column":111}},"6":{"start":{"line":52,"column":8},"end":{"line":52,"column":70}},"7":{"start":{"line":53,"column":8},"end":{"line":53,"column":18}},"8":{"start":{"line":60,"column":8},"end":{"line":60,"column":123}},"9":{"start":{"line":61,"column":8},"end":{"line":61,"column":91}},"10":{"start":{"line":68,"column":8},"end":{"line":68,"column":75}},"11":{"start":{"line":69,"column":8},"end":{"line":69,"column":100}},"12":{"start":{"line":70,"column":8},"end":{"line":70,"column":91}},"13":{"start":{"line":72,"column":8},"end":{"line":72,"column":60}},"14":{"start":{"line":73,"column":8},"end":{"line":73,"column":51}},"15":{"start":{"line":81,"column":8},"end":{"line":81,"column":75}},"16":{"start":{"line":82,"column":8},"end":{"line":82,"column":100}},"17":{"start":{"line":83,"column":8},"end":{"line":83,"column":91}},"18":{"start":{"line":85,"column":8},"end":{"line":85,"column":66}},"19":{"start":{"line":86,"column":8},"end":{"line":86,"column":57}},"20":{"start":{"line":93,"column":8},"end":{"line":93,"column":94}},"21":{"start":{"line":94,"column":8},"end":{"line":94,"column":100}},"22":{"start":{"line":102,"column":8},"end":{"line":102,"column":93}},"23":{"start":{"line":104,"column":8},"end":{"line":104,"column":22}},"24":{"start":{"line":111,"column":8},"end":{"line":111,"column":77}},"25":{"start":{"line":112,"column":8},"end":{"line":112,"column":5777}},"26":{"start":{"line":113,"column":12},"end":{"line":113,"column":98}},"27":{"start":{"line":114,"column":12},"end":{"line":114,"column":66}},"28":{"start":{"line":124,"column":8},"end":{"line":124,"column":80}},"29":{"start":{"line":131,"column":8},"end":{"line":131,"column":104}},"30":{"start":{"line":132,"column":8},"end":{"line":132,"column":64}},"31":{"start":{"line":133,"column":8},"end":{"line":133,"column":30}},"32":{"start":{"line":135,"column":8},"end":{"line":135,"column":55}},"33":{"start":{"line":136,"column":8},"end":{"line":136,"column":25}},"34":{"start":{"line":143,"column":8},"end":{"line":143,"column":39}},"35":{"start":{"line":144,"column":8},"end":{"line":144,"column":49}},"36":{"start":{"line":152,"column":8},"end":{"line":152,"column":121}},"37":{"start":{"line":153,"column":8},"end":{"line":153,"column":64}},"38":{"start":{"line":154,"column":8},"end":{"line":154,"column":30}},"39":{"start":{"line":156,"column":8},"end":{"line":156,"column":61}},"40":{"start":{"line":157,"column":8},"end":{"line":157,"column":34}},"41":{"start":{"line":165,"column":8},"end":{"line":165,"column":48}},"42":{"start":{"line":166,"column":8},"end":{"line":166,"column":49}},"43":{"start":{"line":175,"column":8},"end":{"line":175,"column":53}},"44":{"start":{"line":176,"column":8},"end":{"line":176,"column":25}},"45":{"start":{"line":177,"column":8},"end":{"line":177,"column":9448}},"46":{"start":{"line":178,"column":12},"end":{"line":178,"column":43}},"47":{"start":{"line":181,"column":8},"end":{"line":181,"column":31}},"48":{"start":{"line":182,"column":8},"end":{"line":182,"column":9605}},"49":{"start":{"line":183,"column":12},"end":{"line":183,"column":90}},"50":{"start":{"line":184,"column":12},"end":{"line":184,"column":56}},"51":{"start":{"line":185,"column":12},"end":{"line":185,"column":43}},"52":{"start":{"line":194,"column":8},"end":{"line":194,"column":58}},"53":{"start":{"line":195,"column":8},"end":{"line":195,"column":49}},"54":{"start":{"line":203,"column":8},"end":{"line":203,"column":94}},"55":{"start":{"line":205,"column":8},"end":{"line":205,"column":22}},"56":{"start":{"line":212,"column":8},"end":{"line":212,"column":94}},"57":{"start":{"line":213,"column":8},"end":{"line":213,"column":11307}},"58":{"start":{"line":214,"column":12},"end":{"line":214,"column":94}},"59":{"start":{"line":215,"column":12},"end":{"line":215,"column":11475}},"60":{"start":{"line":216,"column":16},"end":{"line":216,"column":102}},"61":{"start":{"line":225,"column":8},"end":{"line":225,"column":43}},"62":{"start":{"line":226,"column":8},"end":{"line":226,"column":48}},"63":{"start":{"line":234,"column":8},"end":{"line":234,"column":52}},"64":{"start":{"line":235,"column":8},"end":{"line":235,"column":48}},"65":{"start":{"line":243,"column":9},"end":{"line":243,"column":63}},"66":{"start":{"line":244,"column":8},"end":{"line":244,"column":48}}},"branchMap":{"1":{"line":112,"type":"if","locations":[{"start":{"line":112,"column":8},"end":{"line":112,"column":8}},{"start":{"line":112,"column":8},"end":{"line":112,"column":8}}]},"2":{"line":175,"type":"if","locations":[{"start":{"line":175,"column":8},"end":{"line":175,"column":8}},{"start":{"line":175,"column":8},"end":{"line":175,"column":8}}]},"3":{"line":177,"type":"if","locations":[{"start":{"line":177,"column":8},"end":{"line":177,"column":8}},{"start":{"line":177,"column":8},"end":{"line":177,"column":8}}]},"4":{"line":183,"type":"if","locations":[{"start":{"line":183,"column":12},"end":{"line":183,"column":12}},{"start":{"line":183,"column":12},"end":{"line":183,"column":12}}]},"5":{"line":215,"type":"if","locations":[{"start":{"line":215,"column":12},"end":{"line":215,"column":12}},{"start":{"line":215,"column":12},"end":{"line":215,"column":12}}]}}},"contracts/core/VaultFactory.sol":{"l":{"29":150,"30":150,"53":88,"54":88,"56":87,"57":87,"58":87,"66":2,"67":1,"68":1,"69":1,"76":43,"84":3,"85":2,"86":1,"87":1,"88":1,"95":42,"101":51,"102":50,"108":51,"114":55,"120":43,"126":65,"134":102,"135":102,"136":138},"path":"/home/dkravtsov1506/Desktop/no_yandex/TreasuryContracts/contracts/core/VaultFactory.sol","s":{"1":150,"2":150,"3":88,"4":88,"5":87,"6":87,"7":87,"8":2,"9":1,"10":1,"11":1,"12":43,"13":3,"14":2,"15":1,"16":1,"17":1,"18":42,"19":51,"20":50,"21":51,"22":55,"23":43,"24":65,"25":102,"26":102,"27":138},"b":{"1":[87,1],"2":[1,1],"3":[2,1],"4":[1,1],"5":[50,1]},"f":{"1":150,"2":88,"3":2,"4":43,"5":3,"6":42,"7":51,"8":51,"9":55,"10":43,"11":65,"12":102},"fnMap":{"1":{"name":"constructor","line":28,"loc":{"start":{"line":28,"column":4},"end":{"line":31,"column":4}}},"2":{"name":"createNewVault","line":51,"loc":{"start":{"line":51,"column":4},"end":{"line":59,"column":4}}},"3":{"name":"updateFeePercentage","line":65,"loc":{"start":{"line":65,"column":4},"end":{"line":70,"column":4}}},"4":{"name":"getCurrentFeePercentage","line":75,"loc":{"start":{"line":75,"column":4},"end":{"line":77,"column":4}}},"5":{"name":"updateProjectVaultFeePercentage","line":83,"loc":{"start":{"line":83,"column":4},"end":{"line":89,"column":4}}},"6":{"name":"getCurrentProjectVaultFeePercentage","line":94,"loc":{"start":{"line":94,"column":4},"end":{"line":96,"column":4}}},"7":{"name":"setProjectVaultAddress","line":100,"loc":{"start":{"line":100,"column":4},"end":{"line":103,"column":4}}},"8":{"name":"setFeeRecieverAddress","line":107,"loc":{"start":{"line":107,"column":4},"end":{"line":109,"column":4}}},"9":{"name":"getProjectVaultAddress","line":113,"loc":{"start":{"line":113,"column":4},"end":{"line":115,"column":4}}},"10":{"name":"getFeeRecieverAddress","line":119,"loc":{"start":{"line":119,"column":4},"end":{"line":121,"column":4}}},"11":{"name":"getBlackHoleAddress","line":125,"loc":{"start":{"line":125,"column":4},"end":{"line":127,"column":4}}},"12":{"name":"listManagedVaults","line":133,"loc":{"start":{"line":133,"column":4},"end":{"line":138,"column":4}}}},"statementMap":{"1":{"start":{"line":29,"column":8},"end":{"line":29,"column":35}},"2":{"start":{"line":30,"column":8},"end":{"line":30,"column":32}},"3":{"start":{"line":53,"column":8},"end":{"line":53,"column":85}},"4":{"start":{"line":54,"column":8},"end":{"line":54,"column":53}},"5":{"start":{"line":56,"column":8},"end":{"line":56,"column":63}},"6":{"start":{"line":57,"column":8},"end":{"line":57,"column":44}},"7":{"start":{"line":58,"column":8},"end":{"line":58,"column":58}},"8":{"start":{"line":66,"column":8},"end":{"line":66,"column":90}},"9":{"start":{"line":67,"column":8},"end":{"line":67,"column":39}},"10":{"start":{"line":68,"column":8},"end":{"line":68,"column":24}},"11":{"start":{"line":69,"column":8},"end":{"line":69,"column":50}},"12":{"start":{"line":76,"column":8},"end":{"line":76,"column":39}},"13":{"start":{"line":84,"column":8},"end":{"line":84,"column":72}},"14":{"start":{"line":85,"column":8},"end":{"line":85,"column":104}},"15":{"start":{"line":86,"column":8},"end":{"line":86,"column":48}},"16":{"start":{"line":87,"column":8},"end":{"line":87,"column":33}},"17":{"start":{"line":88,"column":8},"end":{"line":88,"column":62}},"18":{"start":{"line":95,"column":8},"end":{"line":95,"column":57}},"19":{"start":{"line":101,"column":8},"end":{"line":101,"column":88}},"20":{"start":{"line":102,"column":8},"end":{"line":102,"column":41}},"21":{"start":{"line":108,"column":8},"end":{"line":108,"column":39}},"22":{"start":{"line":114,"column":8},"end":{"line":114,"column":34}},"23":{"start":{"line":120,"column":8},"end":{"line":120,"column":26}},"24":{"start":{"line":126,"column":8},"end":{"line":126,"column":24}},"25":{"start":{"line":134,"column":8},"end":{"line":134,"column":49}},"26":{"start":{"line":135,"column":8},"end":{"line":135,"column":6434}},"27":{"start":{"line":136,"column":12},"end":{"line":136,"column":55}}},"branchMap":{"1":{"line":54,"type":"if","locations":[{"start":{"line":54,"column":8},"end":{"line":54,"column":8}},{"start":{"line":54,"column":8},"end":{"line":54,"column":8}}]},"2":{"line":66,"type":"if","locations":[{"start":{"line":66,"column":8},"end":{"line":66,"column":8}},{"start":{"line":66,"column":8},"end":{"line":66,"column":8}}]},"3":{"line":84,"type":"if","locations":[{"start":{"line":84,"column":8},"end":{"line":84,"column":8}},{"start":{"line":84,"column":8},"end":{"line":84,"column":8}}]},"4":{"line":85,"type":"if","locations":[{"start":{"line":85,"column":8},"end":{"line":85,"column":8}},{"start":{"line":85,"column":8},"end":{"line":85,"column":8}}]},"5":{"line":101,"type":"if","locations":[{"start":{"line":101,"column":8},"end":{"line":101,"column":8}},{"start":{"line":101,"column":8},"end":{"line":101,"column":8}}]}}},"contracts/tests/ERC20/BaseERC20.sol":{"l":{"12":10},"path":"/home/dkravtsov1506/Desktop/no_yandex/TreasuryContracts/contracts/tests/ERC20/BaseERC20.sol","s":{"1":10},"b":{},"f":{"1":30,"2":10},"fnMap":{"1":{"name":"constructor","line":8,"loc":{"start":{"line":8,"column":4},"end":{"line":9,"column":4}}},"2":{"name":"mint","line":11,"loc":{"start":{"line":11,"column":4},"end":{"line":13,"column":4}}}},"statementMap":{"1":{"start":{"line":12,"column":8},"end":{"line":12,"column":31}}},"branchMap":{}},"contracts/tests/ERC20/ERC20WithMint.sol":{"l":{"13":127},"path":"/home/dkravtsov1506/Desktop/no_yandex/TreasuryContracts/contracts/tests/ERC20/ERC20WithMint.sol","s":{"1":127},"b":{},"f":{"1":381,"2":127},"fnMap":{"1":{"name":"constructor","line":9,"loc":{"start":{"line":9,"column":4},"end":{"line":10,"column":4}}},"2":{"name":"mint","line":12,"loc":{"start":{"line":12,"column":4},"end":{"line":14,"column":4}}}},"statementMap":{"1":{"start":{"line":13,"column":8},"end":{"line":13,"column":31}}},"branchMap":{}},"contracts/tests/ERC20/ERC20WithoutTotalSupply.sol":{"l":{"20":0,"28":0,"45":0,"52":0,"64":0,"65":0,"66":0,"73":0,"87":0,"88":0,"89":0,"109":0,"110":0,"111":0,"112":0,"128":0,"129":0,"130":0,"148":0,"149":0,"150":0,"151":0,"152":0,"155":0,"173":0,"174":0,"176":0,"178":0,"179":0,"180":0,"181":0,"184":0,"187":0,"200":0,"202":0,"204":0,"206":0,"209":0,"224":0,"226":0,"228":0,"229":0,"230":0,"231":0,"235":0,"252":0,"253":0,"255":0,"267":0,"268":0,"269":0,"270":0,"271":0},"path":"/home/dkravtsov1506/Desktop/no_yandex/TreasuryContracts/contracts/tests/ERC20/ERC20WithoutTotalSupply.sol","s":{"1":0,"2":0,"3":0,"4":0,"5":0,"6":0,"7":0,"8":0,"9":0,"10":0,"11":0,"12":0,"13":0,"14":0,"15":0,"16":0,"17":0,"18":0,"19":0,"20":0,"21":0,"22":0,"23":0,"24":0,"25":0,"26":0,"27":0,"28":0,"29":0,"30":0,"31":0,"32":0,"33":0,"34":0,"35":0,"36":0,"37":0,"38":0,"39":0,"40":0,"41":0,"42":0,"43":0,"44":0,"45":0,"46":0,"47":0,"48":0},"b":{"1":[0,0],"2":[0,0],"3":[0,0],"4":[0,0],"5":[0,0],"6":[0,0],"7":[0,0],"8":[0,0],"9":[0,0],"10":[0,0],"11":[0,0]},"f":{"1":3,"2":0,"3":0,"4":0,"5":0,"6":0,"7":0,"8":0,"9":0,"10":0,"11":0,"12":0,"13":0,"14":0,"15":0,"16":0,"17":0,"18":0},"fnMap":{"1":{"name":"constructor","line":14,"loc":{"start":{"line":14,"column":4},"end":{"line":14,"column":19}}},"2":{"name":"name","line":19,"loc":{"start":{"line":19,"column":4},"end":{"line":21,"column":4}}},"3":{"name":"symbol","line":27,"loc":{"start":{"line":27,"column":4},"end":{"line":29,"column":4}}},"4":{"name":"decimals","line":44,"loc":{"start":{"line":44,"column":4},"end":{"line":46,"column":4}}},"5":{"name":"balanceOf","line":51,"loc":{"start":{"line":51,"column":4},"end":{"line":53,"column":4}}},"6":{"name":"transfer","line":63,"loc":{"start":{"line":63,"column":4},"end":{"line":67,"column":4}}},"7":{"name":"allowance","line":72,"loc":{"start":{"line":72,"column":4},"end":{"line":74,"column":4}}},"8":{"name":"approve","line":86,"loc":{"start":{"line":86,"column":4},"end":{"line":90,"column":4}}},"9":{"name":"transferFrom","line":108,"loc":{"start":{"line":108,"column":4},"end":{"line":113,"column":4}}},"10":{"name":"increaseAllowance","line":127,"loc":{"start":{"line":127,"column":4},"end":{"line":131,"column":4}}},"11":{"name":"decreaseAllowance","line":147,"loc":{"start":{"line":147,"column":4},"end":{"line":156,"column":4}}},"12":{"name":"_transfer","line":172,"loc":{"start":{"line":172,"column":4},"end":{"line":188,"column":4}}},"13":{"name":"_mint","line":199,"loc":{"start":{"line":199,"column":4},"end":{"line":210,"column":4}}},"14":{"name":"_burn","line":223,"loc":{"start":{"line":223,"column":4},"end":{"line":236,"column":4}}},"15":{"name":"_approve","line":251,"loc":{"start":{"line":251,"column":4},"end":{"line":256,"column":4}}},"16":{"name":"_spendAllowance","line":266,"loc":{"start":{"line":266,"column":4},"end":{"line":274,"column":4}}},"17":{"name":"_beforeTokenTransfer","line":290,"loc":{"start":{"line":290,"column":4},"end":{"line":290,"column":94}}},"18":{"name":"_afterTokenTransfer","line":306,"loc":{"start":{"line":306,"column":4},"end":{"line":306,"column":93}}}},"statementMap":{"1":{"start":{"line":20,"column":8},"end":{"line":20,"column":20}},"2":{"start":{"line":28,"column":8},"end":{"line":28,"column":22}},"3":{"start":{"line":45,"column":8},"end":{"line":45,"column":17}},"4":{"start":{"line":52,"column":8},"end":{"line":52,"column":33}},"5":{"start":{"line":64,"column":8},"end":{"line":64,"column":34}},"6":{"start":{"line":65,"column":8},"end":{"line":65,"column":35}},"7":{"start":{"line":66,"column":8},"end":{"line":66,"column":19}},"8":{"start":{"line":73,"column":8},"end":{"line":73,"column":42}},"9":{"start":{"line":87,"column":8},"end":{"line":87,"column":34}},"10":{"start":{"line":88,"column":8},"end":{"line":88,"column":39}},"11":{"start":{"line":89,"column":8},"end":{"line":89,"column":19}},"12":{"start":{"line":109,"column":8},"end":{"line":109,"column":36}},"13":{"start":{"line":110,"column":8},"end":{"line":110,"column":45}},"14":{"start":{"line":111,"column":8},"end":{"line":111,"column":34}},"15":{"start":{"line":112,"column":8},"end":{"line":112,"column":19}},"16":{"start":{"line":128,"column":8},"end":{"line":128,"column":34}},"17":{"start":{"line":129,"column":8},"end":{"line":129,"column":71}},"18":{"start":{"line":130,"column":8},"end":{"line":130,"column":19}},"19":{"start":{"line":148,"column":8},"end":{"line":148,"column":34}},"20":{"start":{"line":149,"column":8},"end":{"line":149,"column":60}},"21":{"start":{"line":150,"column":8},"end":{"line":150,"column":92}},"22":{"start":{"line":152,"column":12},"end":{"line":152,"column":71}},"23":{"start":{"line":155,"column":8},"end":{"line":155,"column":19}},"24":{"start":{"line":173,"column":8},"end":{"line":173,"column":75}},"25":{"start":{"line":174,"column":8},"end":{"line":174,"column":71}},"26":{"start":{"line":176,"column":8},"end":{"line":176,"column":45}},"27":{"start":{"line":178,"column":8},"end":{"line":178,"column":45}},"28":{"start":{"line":179,"column":8},"end":{"line":179,"column":79}},"29":{"start":{"line":181,"column":12},"end":{"line":181,"column":49}},"30":{"start":{"line":184,"column":12},"end":{"line":184,"column":34}},"31":{"start":{"line":187,"column":8},"end":{"line":187,"column":44}},"32":{"start":{"line":200,"column":8},"end":{"line":200,"column":72}},"33":{"start":{"line":202,"column":8},"end":{"line":202,"column":56}},"34":{"start":{"line":206,"column":12},"end":{"line":206,"column":39}},"35":{"start":{"line":209,"column":8},"end":{"line":209,"column":55}},"36":{"start":{"line":224,"column":8},"end":{"line":224,"column":74}},"37":{"start":{"line":226,"column":8},"end":{"line":226,"column":56}},"38":{"start":{"line":228,"column":8},"end":{"line":228,"column":51}},"39":{"start":{"line":229,"column":8},"end":{"line":229,"column":78}},"40":{"start":{"line":231,"column":12},"end":{"line":231,"column":55}},"41":{"start":{"line":235,"column":8},"end":{"line":235,"column":55}},"42":{"start":{"line":252,"column":8},"end":{"line":252,"column":75}},"43":{"start":{"line":253,"column":8},"end":{"line":253,"column":75}},"44":{"start":{"line":255,"column":8},"end":{"line":255,"column":43}},"45":{"start":{"line":267,"column":8},"end":{"line":267,"column":60}},"46":{"start":{"line":268,"column":8},"end":{"line":268,"column":9013}},"47":{"start":{"line":269,"column":12},"end":{"line":269,"column":79}},"48":{"start":{"line":271,"column":16},"end":{"line":271,"column":66}}},"branchMap":{"1":{"line":150,"type":"if","locations":[{"start":{"line":150,"column":8},"end":{"line":150,"column":8}},{"start":{"line":150,"column":8},"end":{"line":150,"column":8}}]},"2":{"line":173,"type":"if","locations":[{"start":{"line":173,"column":8},"end":{"line":173,"column":8}},{"start":{"line":173,"column":8},"end":{"line":173,"column":8}}]},"3":{"line":174,"type":"if","locations":[{"start":{"line":174,"column":8},"end":{"line":174,"column":8}},{"start":{"line":174,"column":8},"end":{"line":174,"column":8}}]},"4":{"line":179,"type":"if","locations":[{"start":{"line":179,"column":8},"end":{"line":179,"column":8}},{"start":{"line":179,"column":8},"end":{"line":179,"column":8}}]},"5":{"line":200,"type":"if","locations":[{"start":{"line":200,"column":8},"end":{"line":200,"column":8}},{"start":{"line":200,"column":8},"end":{"line":200,"column":8}}]},"6":{"line":224,"type":"if","locations":[{"start":{"line":224,"column":8},"end":{"line":224,"column":8}},{"start":{"line":224,"column":8},"end":{"line":224,"column":8}}]},"7":{"line":229,"type":"if","locations":[{"start":{"line":229,"column":8},"end":{"line":229,"column":8}},{"start":{"line":229,"column":8},"end":{"line":229,"column":8}}]},"8":{"line":252,"type":"if","locations":[{"start":{"line":252,"column":8},"end":{"line":252,"column":8}},{"start":{"line":252,"column":8},"end":{"line":252,"column":8}}]},"9":{"line":253,"type":"if","locations":[{"start":{"line":253,"column":8},"end":{"line":253,"column":8}},{"start":{"line":253,"column":8},"end":{"line":253,"column":8}}]},"10":{"line":268,"type":"if","locations":[{"start":{"line":268,"column":8},"end":{"line":268,"column":8}},{"start":{"line":268,"column":8},"end":{"line":268,"column":8}}]},"11":{"line":269,"type":"if","locations":[{"start":{"line":269,"column":12},"end":{"line":269,"column":12}},{"start":{"line":269,"column":12},"end":{"line":269,"column":12}}]}}},"contracts/tests/ERC20/USDT.sol":{"l":{"13":36,"14":0,"16":36,"17":36,"18":36,"23":36,"25":36,"29":76,"30":76,"34":36,"35":36,"36":36,"53":30,"60":10,"61":10,"69":0,"70":0,"117":44,"118":44,"127":32,"128":32,"129":0,"131":32,"132":32,"133":32,"134":32,"135":0,"136":0,"138":32,"147":58,"172":4,"177":4,"178":4,"179":0,"181":4,"182":4,"184":4,"185":4,"186":4,"187":4,"188":0,"189":0,"191":4,"205":4,"207":4,"208":4,"218":0,"239":36,"240":36,"247":0,"248":0,"255":0,"256":0,"263":0,"264":0,"272":0,"276":0,"282":0,"283":0,"287":0,"288":0,"292":0,"293":0,"294":0,"295":0,"296":0,"331":30,"332":30,"333":30,"334":30,"335":30,"336":30,"341":32,"342":32,"343":0,"345":32,"351":4,"352":4,"353":0,"355":4,"361":58,"362":0,"364":58,"370":4,"371":0,"373":4,"379":0,"380":0,"382":0,"388":0,"389":0,"390":0,"395":8,"396":0,"398":8,"407":10,"408":10,"410":10,"411":10,"412":10,"421":0,"422":0,"424":0,"425":0,"426":0,"431":0,"432":0,"434":0,"435":0,"437":0},"path":"/home/dkravtsov1506/Desktop/no_yandex/TreasuryContracts/contracts/tests/ERC20/USDT.sol","s":{"1":36,"2":0,"3":36,"4":36,"5":36,"6":36,"7":36,"8":76,"9":76,"10":36,"11":36,"12":36,"13":30,"14":10,"15":0,"16":0,"17":44,"18":32,"19":32,"20":0,"21":32,"22":32,"23":32,"24":32,"25":0,"26":0,"27":32,"28":58,"29":4,"30":4,"31":4,"32":0,"33":4,"34":4,"35":4,"36":4,"37":4,"38":4,"39":0,"40":0,"41":4,"42":4,"43":4,"44":4,"45":0,"46":36,"47":0,"48":0,"49":0,"50":0,"51":0,"52":0,"53":0,"54":0,"55":0,"56":0,"57":0,"58":0,"59":0,"60":0,"61":0,"62":0,"63":30,"64":30,"65":30,"66":30,"67":30,"68":30,"69":32,"70":32,"71":0,"72":32,"73":4,"74":4,"75":0,"76":4,"77":58,"78":0,"79":58,"80":4,"81":0,"82":4,"83":0,"84":0,"85":0,"86":0,"87":0,"88":0,"89":8,"90":0,"91":8,"92":10,"93":10,"94":10,"95":10,"96":10,"97":0,"98":0,"99":0,"100":0,"101":0,"102":0,"103":0,"104":0,"105":0,"106":0},"b":{"1":[0,36],"2":[10,0],"3":[0,0],"4":[44,0],"5":[0,32],"6":[0,32],"7":[0,4],"8":[4,0],"9":[0,4],"10":[4,0],"11":[36,0],"12":[0,0],"13":[0,0],"14":[32,0],"15":[0,32],"16":[4,0],"17":[0,4],"18":[0,58],"19":[0,4],"20":[0,0],"21":[0,8],"22":[10,0],"23":[10,0],"24":[0,0],"25":[0,0],"26":[0,0],"27":[0,0]},"f":{"1":36,"2":36,"3":76,"4":36,"5":30,"6":10,"7":0,"8":44,"9":32,"10":58,"11":4,"12":4,"13":0,"14":36,"15":0,"16":0,"17":0,"18":0,"19":0,"20":0,"21":0,"22":0,"23":30,"24":32,"25":4,"26":58,"27":4,"28":0,"29":0,"30":8,"31":10,"32":0,"33":0},"fnMap":{"1":{"name":"mul","line":12,"loc":{"start":{"line":12,"column":4},"end":{"line":19,"column":4}}},"2":{"name":"div","line":21,"loc":{"start":{"line":21,"column":4},"end":{"line":26,"column":4}}},"3":{"name":"sub","line":28,"loc":{"start":{"line":28,"column":4},"end":{"line":31,"column":4}}},"4":{"name":"add","line":33,"loc":{"start":{"line":33,"column":4},"end":{"line":37,"column":4}}},"5":{"name":"constructor","line":52,"loc":{"start":{"line":52,"column":4},"end":{"line":54,"column":4}}},"6":{"name":"onlyOwner","line":59,"loc":{"start":{"line":59,"column":4},"end":{"line":62,"column":4}}},"7":{"name":"transferOwnership","line":68,"loc":{"start":{"line":68,"column":4},"end":{"line":72,"column":4}}},"8":{"name":"onlyPayloadSize","line":116,"loc":{"start":{"line":116,"column":4},"end":{"line":119,"column":4}}},"9":{"name":"transfer","line":126,"loc":{"start":{"line":126,"column":4},"end":{"line":139,"column":4}}},"10":{"name":"balanceOf","line":146,"loc":{"start":{"line":146,"column":4},"end":{"line":148,"column":4}}},"11":{"name":"transferFrom","line":171,"loc":{"start":{"line":171,"column":4},"end":{"line":192,"column":4}}},"12":{"name":"approve","line":199,"loc":{"start":{"line":199,"column":4},"end":{"line":209,"column":4}}},"13":{"name":"allowance","line":217,"loc":{"start":{"line":217,"column":4},"end":{"line":219,"column":4}}},"14":{"name":"whenNotPaused","line":238,"loc":{"start":{"line":238,"column":2},"end":{"line":241,"column":2}}},"15":{"name":"whenPaused","line":246,"loc":{"start":{"line":246,"column":2},"end":{"line":249,"column":2}}},"16":{"name":"pause","line":254,"loc":{"start":{"line":254,"column":2},"end":{"line":257,"column":2}}},"17":{"name":"unpause","line":262,"loc":{"start":{"line":262,"column":2},"end":{"line":265,"column":2}}},"18":{"name":"getBlackListStatus","line":271,"loc":{"start":{"line":271,"column":4},"end":{"line":273,"column":4}}},"19":{"name":"getOwner","line":275,"loc":{"start":{"line":275,"column":4},"end":{"line":277,"column":4}}},"20":{"name":"addBlackList","line":281,"loc":{"start":{"line":281,"column":4},"end":{"line":284,"column":4}}},"21":{"name":"removeBlackList","line":286,"loc":{"start":{"line":286,"column":4},"end":{"line":289,"column":4}}},"22":{"name":"destroyBlackFunds","line":291,"loc":{"start":{"line":291,"column":4},"end":{"line":297,"column":4}}},"23":{"name":"constructor","line":330,"loc":{"start":{"line":330,"column":4},"end":{"line":337,"column":4}}},"24":{"name":"transfer","line":340,"loc":{"start":{"line":340,"column":4},"end":{"line":347,"column":4}}},"25":{"name":"transferFrom","line":350,"loc":{"start":{"line":350,"column":4},"end":{"line":357,"column":4}}},"26":{"name":"balanceOf","line":360,"loc":{"start":{"line":360,"column":4},"end":{"line":366,"column":4}}},"27":{"name":"approve","line":369,"loc":{"start":{"line":369,"column":4},"end":{"line":375,"column":4}}},"28":{"name":"allowance","line":378,"loc":{"start":{"line":378,"column":4},"end":{"line":384,"column":4}}},"29":{"name":"deprecate","line":387,"loc":{"start":{"line":387,"column":4},"end":{"line":391,"column":4}}},"30":{"name":"totalSupply","line":394,"loc":{"start":{"line":394,"column":4},"end":{"line":400,"column":4}}},"31":{"name":"mint","line":406,"loc":{"start":{"line":406,"column":4},"end":{"line":413,"column":4}}},"32":{"name":"redeem","line":420,"loc":{"start":{"line":420,"column":4},"end":{"line":427,"column":4}}},"33":{"name":"setParams","line":429,"loc":{"start":{"line":429,"column":4},"end":{"line":438,"column":4}}}},"statementMap":{"1":{"start":{"line":13,"column":8},"end":{"line":13,"column":292}},"2":{"start":{"line":14,"column":12},"end":{"line":14,"column":20}},"3":{"start":{"line":16,"column":8},"end":{"line":16,"column":25}},"4":{"start":{"line":17,"column":8},"end":{"line":17,"column":25}},"5":{"start":{"line":18,"column":8},"end":{"line":18,"column":16}},"6":{"start":{"line":23,"column":8},"end":{"line":23,"column":25}},"7":{"start":{"line":25,"column":8},"end":{"line":25,"column":16}},"8":{"start":{"line":29,"column":8},"end":{"line":29,"column":21}},"9":{"start":{"line":30,"column":8},"end":{"line":30,"column":20}},"10":{"start":{"line":34,"column":8},"end":{"line":34,"column":25}},"11":{"start":{"line":35,"column":8},"end":{"line":35,"column":21}},"12":{"start":{"line":36,"column":8},"end":{"line":36,"column":16}},"13":{"start":{"line":53,"column":8},"end":{"line":53,"column":25}},"14":{"start":{"line":60,"column":8},"end":{"line":60,"column":35}},"15":{"start":{"line":69,"column":8},"end":{"line":69,"column":1819}},"16":{"start":{"line":70,"column":12},"end":{"line":70,"column":27}},"17":{"start":{"line":117,"column":8},"end":{"line":117,"column":45}},"18":{"start":{"line":127,"column":8},"end":{"line":127,"column":59}},"19":{"start":{"line":128,"column":8},"end":{"line":128,"column":3600}},"20":{"start":{"line":129,"column":12},"end":{"line":129,"column":27}},"21":{"start":{"line":131,"column":8},"end":{"line":131,"column":41}},"22":{"start":{"line":132,"column":8},"end":{"line":132,"column":62}},"23":{"start":{"line":133,"column":8},"end":{"line":133,"column":52}},"24":{"start":{"line":134,"column":8},"end":{"line":134,"column":3835}},"25":{"start":{"line":135,"column":12},"end":{"line":135,"column":53}},"26":{"start":{"line":136,"column":12},"end":{"line":136,"column":43}},"27":{"start":{"line":138,"column":8},"end":{"line":138,"column":44}},"28":{"start":{"line":147,"column":8},"end":{"line":147,"column":31}},"29":{"start":{"line":172,"column":8},"end":{"line":172,"column":51}},"30":{"start":{"line":177,"column":8},"end":{"line":177,"column":59}},"31":{"start":{"line":178,"column":8},"end":{"line":178,"column":5427}},"32":{"start":{"line":179,"column":12},"end":{"line":179,"column":27}},"33":{"start":{"line":181,"column":8},"end":{"line":181,"column":5499}},"34":{"start":{"line":182,"column":12},"end":{"line":182,"column":62}},"35":{"start":{"line":184,"column":8},"end":{"line":184,"column":41}},"36":{"start":{"line":185,"column":8},"end":{"line":185,"column":52}},"37":{"start":{"line":186,"column":8},"end":{"line":186,"column":52}},"38":{"start":{"line":187,"column":8},"end":{"line":187,"column":5764}},"39":{"start":{"line":188,"column":12},"end":{"line":188,"column":53}},"40":{"start":{"line":189,"column":12},"end":{"line":189,"column":38}},"41":{"start":{"line":191,"column":8},"end":{"line":191,"column":39}},"42":{"start":{"line":205,"column":8},"end":{"line":205,"column":72}},"43":{"start":{"line":207,"column":8},"end":{"line":207,"column":45}},"44":{"start":{"line":208,"column":8},"end":{"line":208,"column":45}},"45":{"start":{"line":218,"column":8},"end":{"line":218,"column":40}},"46":{"start":{"line":239,"column":4},"end":{"line":239,"column":19}},"47":{"start":{"line":247,"column":4},"end":{"line":247,"column":18}},"48":{"start":{"line":255,"column":4},"end":{"line":255,"column":16}},"49":{"start":{"line":256,"column":4},"end":{"line":256,"column":10}},"50":{"start":{"line":263,"column":4},"end":{"line":263,"column":17}},"51":{"start":{"line":264,"column":4},"end":{"line":264,"column":12}},"52":{"start":{"line":272,"column":8},"end":{"line":272,"column":36}},"53":{"start":{"line":276,"column":8},"end":{"line":276,"column":20}},"54":{"start":{"line":282,"column":8},"end":{"line":282,"column":38}},"55":{"start":{"line":283,"column":8},"end":{"line":283,"column":32}},"56":{"start":{"line":287,"column":8},"end":{"line":287,"column":42}},"57":{"start":{"line":288,"column":8},"end":{"line":288,"column":37}},"58":{"start":{"line":292,"column":8},"end":{"line":292,"column":47}},"59":{"start":{"line":293,"column":8},"end":{"line":293,"column":53}},"60":{"start":{"line":294,"column":8},"end":{"line":294,"column":37}},"61":{"start":{"line":295,"column":8},"end":{"line":295,"column":33}},"62":{"start":{"line":296,"column":8},"end":{"line":296,"column":56}},"63":{"start":{"line":331,"column":8},"end":{"line":331,"column":23}},"64":{"start":{"line":332,"column":8},"end":{"line":332,"column":16}},"65":{"start":{"line":333,"column":8},"end":{"line":333,"column":18}},"66":{"start":{"line":334,"column":8},"end":{"line":334,"column":19}},"67":{"start":{"line":335,"column":8},"end":{"line":335,"column":26}},"68":{"start":{"line":336,"column":8},"end":{"line":336,"column":25}},"69":{"start":{"line":341,"column":8},"end":{"line":341,"column":42}},"70":{"start":{"line":342,"column":8},"end":{"line":342,"column":10616}},"71":{"start":{"line":343,"column":12},"end":{"line":343,"column":99}},"72":{"start":{"line":345,"column":12},"end":{"line":345,"column":46}},"73":{"start":{"line":351,"column":8},"end":{"line":351,"column":37}},"74":{"start":{"line":352,"column":8},"end":{"line":352,"column":11031}},"75":{"start":{"line":353,"column":12},"end":{"line":353,"column":110}},"76":{"start":{"line":355,"column":12},"end":{"line":355,"column":57}},"77":{"start":{"line":361,"column":8},"end":{"line":361,"column":11407}},"78":{"start":{"line":362,"column":12},"end":{"line":362,"column":72}},"79":{"start":{"line":364,"column":12},"end":{"line":364,"column":39}},"80":{"start":{"line":370,"column":8},"end":{"line":370,"column":11743}},"81":{"start":{"line":371,"column":12},"end":{"line":371,"column":103}},"82":{"start":{"line":373,"column":12},"end":{"line":373,"column":50}},"83":{"start":{"line":379,"column":8},"end":{"line":379,"column":12136}},"84":{"start":{"line":380,"column":12},"end":{"line":380,"column":77}},"85":{"start":{"line":382,"column":12},"end":{"line":382,"column":52}},"86":{"start":{"line":388,"column":8},"end":{"line":388,"column":24}},"87":{"start":{"line":389,"column":8},"end":{"line":389,"column":41}},"88":{"start":{"line":390,"column":8},"end":{"line":390,"column":34}},"89":{"start":{"line":395,"column":8},"end":{"line":395,"column":12686}},"90":{"start":{"line":396,"column":12},"end":{"line":396,"column":63}},"91":{"start":{"line":398,"column":12},"end":{"line":398,"column":31}},"92":{"start":{"line":407,"column":8},"end":{"line":407,"column":52}},"93":{"start":{"line":408,"column":8},"end":{"line":408,"column":58}},"94":{"start":{"line":410,"column":8},"end":{"line":410,"column":32}},"95":{"start":{"line":411,"column":8},"end":{"line":411,"column":29}},"96":{"start":{"line":412,"column":8},"end":{"line":412,"column":20}},"97":{"start":{"line":421,"column":8},"end":{"line":421,"column":38}},"98":{"start":{"line":422,"column":8},"end":{"line":422,"column":41}},"99":{"start":{"line":424,"column":8},"end":{"line":424,"column":29}},"100":{"start":{"line":425,"column":8},"end":{"line":425,"column":32}},"101":{"start":{"line":426,"column":8},"end":{"line":426,"column":21}},"102":{"start":{"line":431,"column":8},"end":{"line":431,"column":35}},"103":{"start":{"line":432,"column":8},"end":{"line":432,"column":30}},"104":{"start":{"line":434,"column":8},"end":{"line":434,"column":39}},"105":{"start":{"line":435,"column":8},"end":{"line":435,"column":47}},"106":{"start":{"line":437,"column":8},"end":{"line":437,"column":42}}},"branchMap":{"1":{"line":13,"type":"if","locations":[{"start":{"line":13,"column":8},"end":{"line":13,"column":8}},{"start":{"line":13,"column":8},"end":{"line":13,"column":8}}]},"2":{"line":60,"type":"if","locations":[{"start":{"line":60,"column":8},"end":{"line":60,"column":8}},{"start":{"line":60,"column":8},"end":{"line":60,"column":8}}]},"3":{"line":69,"type":"if","locations":[{"start":{"line":69,"column":8},"end":{"line":69,"column":8}},{"start":{"line":69,"column":8},"end":{"line":69,"column":8}}]},"4":{"line":117,"type":"if","locations":[{"start":{"line":117,"column":8},"end":{"line":117,"column":8}},{"start":{"line":117,"column":8},"end":{"line":117,"column":8}}]},"5":{"line":128,"type":"if","locations":[{"start":{"line":128,"column":8},"end":{"line":128,"column":8}},{"start":{"line":128,"column":8},"end":{"line":128,"column":8}}]},"6":{"line":134,"type":"if","locations":[{"start":{"line":134,"column":8},"end":{"line":134,"column":8}},{"start":{"line":134,"column":8},"end":{"line":134,"column":8}}]},"7":{"line":178,"type":"if","locations":[{"start":{"line":178,"column":8},"end":{"line":178,"column":8}},{"start":{"line":178,"column":8},"end":{"line":178,"column":8}}]},"8":{"line":181,"type":"if","locations":[{"start":{"line":181,"column":8},"end":{"line":181,"column":8}},{"start":{"line":181,"column":8},"end":{"line":181,"column":8}}]},"9":{"line":187,"type":"if","locations":[{"start":{"line":187,"column":8},"end":{"line":187,"column":8}},{"start":{"line":187,"column":8},"end":{"line":187,"column":8}}]},"10":{"line":205,"type":"if","locations":[{"start":{"line":205,"column":8},"end":{"line":205,"column":8}},{"start":{"line":205,"column":8},"end":{"line":205,"column":8}}]},"11":{"line":239,"type":"if","locations":[{"start":{"line":239,"column":4},"end":{"line":239,"column":4}},{"start":{"line":239,"column":4},"end":{"line":239,"column":4}}]},"12":{"line":247,"type":"if","locations":[{"start":{"line":247,"column":4},"end":{"line":247,"column":4}},{"start":{"line":247,"column":4},"end":{"line":247,"column":4}}]},"13":{"line":292,"type":"if","locations":[{"start":{"line":292,"column":8},"end":{"line":292,"column":8}},{"start":{"line":292,"column":8},"end":{"line":292,"column":8}}]},"14":{"line":341,"type":"if","locations":[{"start":{"line":341,"column":8},"end":{"line":341,"column":8}},{"start":{"line":341,"column":8},"end":{"line":341,"column":8}}]},"15":{"line":342,"type":"if","locations":[{"start":{"line":342,"column":8},"end":{"line":342,"column":8}},{"start":{"line":342,"column":8},"end":{"line":342,"column":8}}]},"16":{"line":351,"type":"if","locations":[{"start":{"line":351,"column":8},"end":{"line":351,"column":8}},{"start":{"line":351,"column":8},"end":{"line":351,"column":8}}]},"17":{"line":352,"type":"if","locations":[{"start":{"line":352,"column":8},"end":{"line":352,"column":8}},{"start":{"line":352,"column":8},"end":{"line":352,"column":8}}]},"18":{"line":361,"type":"if","locations":[{"start":{"line":361,"column":8},"end":{"line":361,"column":8}},{"start":{"line":361,"column":8},"end":{"line":361,"column":8}}]},"19":{"line":370,"type":"if","locations":[{"start":{"line":370,"column":8},"end":{"line":370,"column":8}},{"start":{"line":370,"column":8},"end":{"line":370,"column":8}}]},"20":{"line":379,"type":"if","locations":[{"start":{"line":379,"column":8},"end":{"line":379,"column":8}},{"start":{"line":379,"column":8},"end":{"line":379,"column":8}}]},"21":{"line":395,"type":"if","locations":[{"start":{"line":395,"column":8},"end":{"line":395,"column":8}},{"start":{"line":395,"column":8},"end":{"line":395,"column":8}}]},"22":{"line":407,"type":"if","locations":[{"start":{"line":407,"column":8},"end":{"line":407,"column":8}},{"start":{"line":407,"column":8},"end":{"line":407,"column":8}}]},"23":{"line":408,"type":"if","locations":[{"start":{"line":408,"column":8},"end":{"line":408,"column":8}},{"start":{"line":408,"column":8},"end":{"line":408,"column":8}}]},"24":{"line":421,"type":"if","locations":[{"start":{"line":421,"column":8},"end":{"line":421,"column":8}},{"start":{"line":421,"column":8},"end":{"line":421,"column":8}}]},"25":{"line":422,"type":"if","locations":[{"start":{"line":422,"column":8},"end":{"line":422,"column":8}},{"start":{"line":422,"column":8},"end":{"line":422,"column":8}}]},"26":{"line":431,"type":"if","locations":[{"start":{"line":431,"column":8},"end":{"line":431,"column":8}},{"start":{"line":431,"column":8},"end":{"line":431,"column":8}}]},"27":{"line":432,"type":"if","locations":[{"start":{"line":432,"column":8},"end":{"line":432,"column":8}},{"start":{"line":432,"column":8},"end":{"line":432,"column":8}}]}}},"contracts/tests/ERC721/azuki/azuki.sol":{"l":{"10":4},"path":"/home/dkravtsov1506/Desktop/no_yandex/TreasuryContracts/contracts/tests/ERC721/azuki/azuki.sol","s":{"1":4},"b":{},"f":{"1":12,"2":4},"fnMap":{"1":{"name":"constructor","line":6,"loc":{"start":{"line":6,"column":4},"end":{"line":6,"column":45}}},"2":{"name":"mint","line":8,"loc":{"start":{"line":8,"column":4},"end":{"line":11,"column":4}}}},"statementMap":{"1":{"start":{"line":10,"column":8},"end":{"line":10,"column":34}}},"branchMap":{}},"contracts/tests/ERC721/azuki/ERC721A.sol":{"l":{"141":12,"142":12,"143":12,"155":80,"162":0,"173":8,"174":8,"184":0,"185":0,"193":0,"204":22,"205":22,"212":0,"219":0,"226":0,"234":0,"235":0,"237":0,"240":0,"241":0,"261":0,"275":0,"282":0,"289":0,"291":0,"292":0,"301":0,"316":0,"324":0,"331":0,"338":0,"339":0,"347":60,"349":60,"350":60,"351":60,"352":60,"354":60,"364":60,"365":0,"367":60,"371":0,"378":0,"379":0,"380":0,"381":0,"388":64,"401":4,"426":0,"428":0,"429":0,"430":0,"433":0,"434":0,"445":0,"447":0,"462":4,"463":4,"472":20,"483":0,"497":60,"515":60,"517":60,"545":60,"547":60,"549":60,"552":60,"553":20,"555":60,"557":60,"560":60,"570":60,"572":60,"573":60,"580":60,"586":60,"587":20,"589":20,"591":20,"593":20,"599":60,"600":60,"611":0,"635":0,"636":0,"637":0,"638":0,"704":0,"707":0,"709":0,"710":0,"712":0,"734":4,"735":4,"737":4,"742":4,"748":4,"755":4,"760":4,"761":4,"767":4,"792":4,"794":4,"796":4,"821":0,"822":0,"823":0,"824":0,"826":0,"829":0,"835":0,"842":0,"847":0,"849":0,"851":0,"872":0,"874":0,"875":0,"876":0,"877":0,"878":0,"884":0,"893":0,"904":0,"918":0,"920":0,"922":0,"924":0,"926":0,"927":0,"930":0,"933":0,"943":0,"950":0,"957":0,"963":0,"964":0,"966":0,"968":0,"970":0,"976":0,"977":0,"980":0,"981":0,"993":0,"994":0,"995":0,"997":0,"1000":0,"1001":0,"1033":64,"1034":64,"1047":88,"1054":0},"path":"/home/dkravtsov1506/Desktop/no_yandex/TreasuryContracts/contracts/tests/ERC721/azuki/ERC721A.sol","s":{"1":12,"2":12,"3":12,"4":80,"5":0,"6":8,"7":0,"8":0,"9":22,"10":22,"11":0,"12":0,"13":0,"14":0,"15":0,"16":0,"17":0,"18":0,"19":0,"20":0,"21":0,"22":0,"23":0,"24":0,"25":0,"26":0,"27":0,"28":0,"29":0,"30":60,"31":60,"32":60,"33":60,"34":60,"35":60,"36":0,"37":60,"38":0,"39":0,"40":0,"41":0,"42":0,"43":0,"44":0,"45":0,"46":0,"47":0,"48":0,"49":4,"50":4,"51":20,"52":0,"53":60,"54":60,"55":60,"56":60,"57":60,"58":20,"59":60,"60":60,"61":60,"62":60,"63":20,"64":20,"65":20,"66":20,"67":60,"68":60,"69":0,"70":0,"71":0,"72":0,"73":0,"74":0,"75":0,"76":4,"77":4,"78":4,"79":4,"80":4,"81":4,"82":4,"83":4,"84":4,"85":4,"86":0,"87":0,"88":0,"89":0,"90":0,"91":0,"92":0,"93":0,"94":0,"95":0,"96":0,"97":0,"98":0,"99":0,"100":0,"101":0,"102":0,"103":0,"104":0,"105":0,"106":0,"107":0,"108":0,"109":0,"110":0,"111":0,"112":0,"113":0,"114":0,"115":0,"116":0,"117":0,"118":0,"119":0,"120":0,"121":0,"122":0,"123":0,"124":0,"125":64,"126":64,"127":88},"b":{"1":[0,22],"2":[0,0],"3":[0,0],"4":[60,0],"5":[60,0],"6":[60,0],"7":[0,0],"8":[0,0],"9":[0,0],"10":[0,60],"11":[20,40],"12":[0,20],"13":[0,60],"14":[20,40],"15":[20,0],"16":[20,0],"17":[0,0],"18":[0,0],"19":[0,0],"20":[0,4],"21":[0,4],"22":[0,0],"23":[0,0],"24":[0,0],"25":[0,0],"26":[0,0],"27":[0,0],"28":[0,0],"29":[0,0],"30":[0,0],"31":[0,0],"32":[0,0],"33":[0,0]},"f":{"1":12,"2":80,"3":0,"4":8,"5":0,"6":0,"7":22,"8":0,"9":0,"10":0,"11":0,"12":0,"13":0,"14":0,"15":0,"16":0,"17":0,"18":0,"19":0,"20":0,"21":60,"22":0,"23":64,"24":4,"25":0,"26":0,"27":4,"28":20,"29":0,"30":60,"31":60,"32":60,"33":0,"34":0,"35":64,"36":64,"37":0,"38":4,"39":0,"40":0,"41":0,"42":0,"43":0,"44":0,"45":64,"46":64,"47":88,"48":0},"fnMap":{"1":{"name":"constructor","line":140,"loc":{"start":{"line":140,"column":4},"end":{"line":144,"column":4}}},"2":{"name":"_startTokenId","line":154,"loc":{"start":{"line":154,"column":4},"end":{"line":156,"column":4}}},"3":{"name":"_nextTokenId","line":161,"loc":{"start":{"line":161,"column":4},"end":{"line":163,"column":4}}},"4":{"name":"totalSupply","line":170,"loc":{"start":{"line":170,"column":4},"end":{"line":176,"column":4}}},"5":{"name":"_totalMinted","line":181,"loc":{"start":{"line":181,"column":4},"end":{"line":187,"column":4}}},"6":{"name":"_totalBurned","line":192,"loc":{"start":{"line":192,"column":4},"end":{"line":194,"column":4}}},"7":{"name":"balanceOf","line":203,"loc":{"start":{"line":203,"column":4},"end":{"line":206,"column":4}}},"8":{"name":"_numberMinted","line":211,"loc":{"start":{"line":211,"column":4},"end":{"line":213,"column":4}}},"9":{"name":"_numberBurned","line":218,"loc":{"start":{"line":218,"column":4},"end":{"line":220,"column":4}}},"10":{"name":"_getAux","line":225,"loc":{"start":{"line":225,"column":4},"end":{"line":227,"column":4}}},"11":{"name":"_setAux","line":233,"loc":{"start":{"line":233,"column":4},"end":{"line":242,"column":4}}},"12":{"name":"supportsInterface","line":256,"loc":{"start":{"line":256,"column":4},"end":{"line":265,"column":4}}},"13":{"name":"name","line":274,"loc":{"start":{"line":274,"column":4},"end":{"line":276,"column":4}}},"14":{"name":"symbol","line":281,"loc":{"start":{"line":281,"column":4},"end":{"line":283,"column":4}}},"15":{"name":"tokenURI","line":288,"loc":{"start":{"line":288,"column":4},"end":{"line":293,"column":4}}},"16":{"name":"_baseURI","line":300,"loc":{"start":{"line":300,"column":4},"end":{"line":302,"column":4}}},"17":{"name":"ownerOf","line":315,"loc":{"start":{"line":315,"column":4},"end":{"line":317,"column":4}}},"18":{"name":"_ownershipOf","line":323,"loc":{"start":{"line":323,"column":4},"end":{"line":325,"column":4}}},"19":{"name":"_ownershipAt","line":330,"loc":{"start":{"line":330,"column":4},"end":{"line":332,"column":4}}},"20":{"name":"_initializeOwnershipAt","line":337,"loc":{"start":{"line":337,"column":4},"end":{"line":341,"column":4}}},"21":{"name":"_packedOwnershipOf","line":346,"loc":{"start":{"line":346,"column":4},"end":{"line":372,"column":4}}},"22":{"name":"_unpackedOwnership","line":377,"loc":{"start":{"line":377,"column":4},"end":{"line":382,"column":4}}},"23":{"name":"_packOwnershipData","line":387,"loc":{"start":{"line":387,"column":4},"end":{"line":394,"column":4}}},"24":{"name":"_nextInitializedFlag","line":399,"loc":{"start":{"line":399,"column":4},"end":{"line":405,"column":4}}},"25":{"name":"approve","line":425,"loc":{"start":{"line":425,"column":4},"end":{"line":435,"column":4}}},"26":{"name":"getApproved","line":444,"loc":{"start":{"line":444,"column":4},"end":{"line":448,"column":4}}},"27":{"name":"setApprovalForAll","line":461,"loc":{"start":{"line":461,"column":4},"end":{"line":464,"column":4}}},"28":{"name":"isApprovedForAll","line":471,"loc":{"start":{"line":471,"column":4},"end":{"line":473,"column":4}}},"29":{"name":"_exists","line":482,"loc":{"start":{"line":482,"column":4},"end":{"line":487,"column":4}}},"30":{"name":"_isSenderApprovedOrOwner","line":492,"loc":{"start":{"line":492,"column":4},"end":{"line":505,"column":4}}},"31":{"name":"_getApprovedSlotAndAddress","line":510,"loc":{"start":{"line":510,"column":4},"end":{"line":521,"column":4}}},"32":{"name":"transferFrom","line":540,"loc":{"start":{"line":540,"column":4},"end":{"line":601,"column":4}}},"33":{"name":"safeTransferFrom","line":606,"loc":{"start":{"line":606,"column":4},"end":{"line":612,"column":4}}},"34":{"name":"safeTransferFrom","line":629,"loc":{"start":{"line":629,"column":4},"end":{"line":640,"column":4}}},"35":{"name":"_beforeTokenTransfers","line":658,"loc":{"start":{"line":658,"column":4},"end":{"line":663,"column":24}}},"36":{"name":"_afterTokenTransfers","line":681,"loc":{"start":{"line":681,"column":4},"end":{"line":686,"column":24}}},"37":{"name":"_checkContractOnERC721Received","line":698,"loc":{"start":{"line":698,"column":4},"end":{"line":717,"column":4}}},"38":{"name":"_mint","line":733,"loc":{"start":{"line":733,"column":4},"end":{"line":797,"column":4}}},"39":{"name":"_mintERC2309","line":820,"loc":{"start":{"line":820,"column":4},"end":{"line":852,"column":4}}},"40":{"name":"_safeMint","line":867,"loc":{"start":{"line":867,"column":4},"end":{"line":887,"column":4}}},"41":{"name":"_safeMint","line":892,"loc":{"start":{"line":892,"column":4},"end":{"line":894,"column":4}}},"42":{"name":"_burn","line":903,"loc":{"start":{"line":903,"column":4},"end":{"line":905,"column":4}}},"43":{"name":"_burn","line":917,"loc":{"start":{"line":917,"column":4},"end":{"line":983,"column":4}}},"44":{"name":"_setExtraDataAt","line":992,"loc":{"start":{"line":992,"column":4},"end":{"line":1002,"column":4}}},"45":{"name":"_extraData","line":1018,"loc":{"start":{"line":1018,"column":4},"end":{"line":1022,"column":46}}},"46":{"name":"_nextExtraData","line":1028,"loc":{"start":{"line":1028,"column":4},"end":{"line":1035,"column":4}}},"47":{"name":"_msgSenderERC721A","line":1046,"loc":{"start":{"line":1046,"column":4},"end":{"line":1048,"column":4}}},"48":{"name":"_toString","line":1053,"loc":{"start":{"line":1053,"column":4},"end":{"line":1090,"column":4}}}},"statementMap":{"1":{"start":{"line":141,"column":8},"end":{"line":141,"column":20}},"2":{"start":{"line":142,"column":8},"end":{"line":142,"column":24}},"3":{"start":{"line":143,"column":8},"end":{"line":143,"column":38}},"4":{"start":{"line":155,"column":8},"end":{"line":155,"column":16}},"5":{"start":{"line":162,"column":8},"end":{"line":162,"column":28}},"6":{"start":{"line":174,"column":12},"end":{"line":174,"column":65}},"7":{"start":{"line":185,"column":12},"end":{"line":185,"column":50}},"8":{"start":{"line":193,"column":8},"end":{"line":193,"column":27}},"9":{"start":{"line":204,"column":8},"end":{"line":204,"column":68}},"10":{"start":{"line":205,"column":8},"end":{"line":205,"column":70}},"11":{"start":{"line":212,"column":8},"end":{"line":212,"column":97}},"12":{"start":{"line":219,"column":8},"end":{"line":219,"column":97}},"13":{"start":{"line":226,"column":8},"end":{"line":226,"column":63}},"14":{"start":{"line":234,"column":8},"end":{"line":234,"column":50}},"15":{"start":{"line":235,"column":8},"end":{"line":235,"column":25}},"16":{"start":{"line":240,"column":8},"end":{"line":240,"column":79}},"17":{"start":{"line":241,"column":8},"end":{"line":241,"column":41}},"18":{"start":{"line":261,"column":8},"end":{"line":261,"column":9577}},"19":{"start":{"line":275,"column":8},"end":{"line":275,"column":20}},"20":{"start":{"line":282,"column":8},"end":{"line":282,"column":22}},"21":{"start":{"line":289,"column":8},"end":{"line":289,"column":67}},"22":{"start":{"line":291,"column":8},"end":{"line":291,"column":42}},"23":{"start":{"line":292,"column":8},"end":{"line":292,"column":102}},"24":{"start":{"line":301,"column":8},"end":{"line":301,"column":17}},"25":{"start":{"line":316,"column":8},"end":{"line":316,"column":60}},"26":{"start":{"line":324,"column":8},"end":{"line":324,"column":62}},"27":{"start":{"line":331,"column":8},"end":{"line":331,"column":59}},"28":{"start":{"line":338,"column":8},"end":{"line":338,"column":12329}},"29":{"start":{"line":339,"column":12},"end":{"line":339,"column":63}},"30":{"start":{"line":347,"column":8},"end":{"line":347,"column":30}},"31":{"start":{"line":350,"column":12},"end":{"line":350,"column":12675}},"32":{"start":{"line":351,"column":16},"end":{"line":351,"column":12720}},"33":{"start":{"line":352,"column":20},"end":{"line":352,"column":60}},"34":{"start":{"line":354,"column":20},"end":{"line":354,"column":12872}},"35":{"start":{"line":364,"column":24},"end":{"line":364,"column":13535}},"36":{"start":{"line":365,"column":28},"end":{"line":365,"column":61}},"37":{"start":{"line":367,"column":24},"end":{"line":367,"column":37}},"38":{"start":{"line":378,"column":8},"end":{"line":378,"column":48}},"39":{"start":{"line":379,"column":8},"end":{"line":379,"column":75}},"40":{"start":{"line":380,"column":8},"end":{"line":380,"column":55}},"41":{"start":{"line":381,"column":8},"end":{"line":381,"column":65}},"42":{"start":{"line":426,"column":8},"end":{"line":426,"column":40}},"43":{"start":{"line":428,"column":8},"end":{"line":428,"column":15956}},"44":{"start":{"line":429,"column":12},"end":{"line":429,"column":16002}},"45":{"start":{"line":433,"column":8},"end":{"line":433,"column":42}},"46":{"start":{"line":434,"column":8},"end":{"line":434,"column":41}},"47":{"start":{"line":445,"column":8},"end":{"line":445,"column":72}},"48":{"start":{"line":447,"column":8},"end":{"line":447,"column":45}},"49":{"start":{"line":462,"column":8},"end":{"line":462,"column":67}},"50":{"start":{"line":463,"column":8},"end":{"line":463,"column":68}},"51":{"start":{"line":472,"column":8},"end":{"line":472,"column":50}},"52":{"start":{"line":483,"column":8},"end":{"line":483,"column":17836}},"53":{"start":{"line":515,"column":8},"end":{"line":515,"column":73}},"54":{"start":{"line":545,"column":8},"end":{"line":545,"column":65}},"55":{"start":{"line":547,"column":8},"end":{"line":547,"column":94}},"56":{"start":{"line":549,"column":8},"end":{"line":549,"column":100}},"57":{"start":{"line":552,"column":8},"end":{"line":552,"column":20494}},"58":{"start":{"line":553,"column":12},"end":{"line":553,"column":104}},"59":{"start":{"line":555,"column":8},"end":{"line":555,"column":60}},"60":{"start":{"line":557,"column":8},"end":{"line":557,"column":50}},"61":{"start":{"line":580,"column":12},"end":{"line":580,"column":21667}},"62":{"start":{"line":586,"column":12},"end":{"line":586,"column":21952}},"63":{"start":{"line":587,"column":16},"end":{"line":587,"column":49}},"64":{"start":{"line":589,"column":16},"end":{"line":589,"column":22181}},"65":{"start":{"line":591,"column":20},"end":{"line":591,"column":22306}},"66":{"start":{"line":593,"column":24},"end":{"line":593,"column":75}},"67":{"start":{"line":599,"column":8},"end":{"line":599,"column":40}},"68":{"start":{"line":600,"column":8},"end":{"line":600,"column":49}},"69":{"start":{"line":611,"column":8},"end":{"line":611,"column":46}},"70":{"start":{"line":635,"column":8},"end":{"line":635,"column":38}},"71":{"start":{"line":636,"column":8},"end":{"line":636,"column":23749}},"72":{"start":{"line":637,"column":12},"end":{"line":637,"column":23786}},"73":{"start":{"line":704,"column":8},"end":{"line":704,"column":26131}},"74":{"start":{"line":707,"column":12},"end":{"line":707,"column":83}},"75":{"start":{"line":709,"column":12},"end":{"line":709,"column":26413}},"76":{"start":{"line":734,"column":8},"end":{"line":734,"column":44}},"77":{"start":{"line":735,"column":8},"end":{"line":735,"column":52}},"78":{"start":{"line":737,"column":8},"end":{"line":737,"column":68}},"79":{"start":{"line":748,"column":12},"end":{"line":748,"column":82}},"80":{"start":{"line":755,"column":12},"end":{"line":755,"column":28048}},"81":{"start":{"line":760,"column":12},"end":{"line":760,"column":28}},"82":{"start":{"line":761,"column":12},"end":{"line":761,"column":49}},"83":{"start":{"line":792,"column":12},"end":{"line":792,"column":57}},"84":{"start":{"line":794,"column":12},"end":{"line":794,"column":30}},"85":{"start":{"line":796,"column":8},"end":{"line":796,"column":67}},"86":{"start":{"line":821,"column":8},"end":{"line":821,"column":44}},"87":{"start":{"line":822,"column":8},"end":{"line":822,"column":56}},"88":{"start":{"line":823,"column":8},"end":{"line":823,"column":52}},"89":{"start":{"line":824,"column":8},"end":{"line":824,"column":97}},"90":{"start":{"line":826,"column":8},"end":{"line":826,"column":68}},"91":{"start":{"line":835,"column":12},"end":{"line":835,"column":82}},"92":{"start":{"line":842,"column":12},"end":{"line":842,"column":31880}},"93":{"start":{"line":847,"column":12},"end":{"line":847,"column":95}},"94":{"start":{"line":849,"column":12},"end":{"line":849,"column":50}},"95":{"start":{"line":851,"column":8},"end":{"line":851,"column":67}},"96":{"start":{"line":872,"column":8},"end":{"line":872,"column":26}},"97":{"start":{"line":875,"column":12},"end":{"line":875,"column":32868}},"98":{"start":{"line":876,"column":16},"end":{"line":876,"column":43}},"99":{"start":{"line":877,"column":16},"end":{"line":877,"column":46}},"100":{"start":{"line":884,"column":16},"end":{"line":884,"column":50}},"101":{"start":{"line":884,"column":42},"end":{"line":884,"column":49}},"102":{"start":{"line":893,"column":8},"end":{"line":893,"column":34}},"103":{"start":{"line":904,"column":8},"end":{"line":904,"column":28}},"104":{"start":{"line":918,"column":8},"end":{"line":918,"column":65}},"105":{"start":{"line":920,"column":8},"end":{"line":920,"column":60}},"106":{"start":{"line":922,"column":8},"end":{"line":922,"column":100}},"107":{"start":{"line":924,"column":8},"end":{"line":924,"column":34417}},"108":{"start":{"line":926,"column":12},"end":{"line":926,"column":34635}},"109":{"start":{"line":927,"column":16},"end":{"line":927,"column":108}},"110":{"start":{"line":930,"column":8},"end":{"line":930,"column":58}},"111":{"start":{"line":950,"column":12},"end":{"line":950,"column":71}},"112":{"start":{"line":957,"column":12},"end":{"line":957,"column":35917}},"113":{"start":{"line":963,"column":12},"end":{"line":963,"column":36232}},"114":{"start":{"line":964,"column":16},"end":{"line":964,"column":49}},"115":{"start":{"line":966,"column":16},"end":{"line":966,"column":36461}},"116":{"start":{"line":968,"column":20},"end":{"line":968,"column":36586}},"117":{"start":{"line":970,"column":24},"end":{"line":970,"column":75}},"118":{"start":{"line":976,"column":8},"end":{"line":976,"column":48}},"119":{"start":{"line":977,"column":8},"end":{"line":977,"column":57}},"120":{"start":{"line":993,"column":8},"end":{"line":993,"column":49}},"121":{"start":{"line":994,"column":8},"end":{"line":994,"column":69}},"122":{"start":{"line":995,"column":8},"end":{"line":995,"column":31}},"123":{"start":{"line":1000,"column":8},"end":{"line":1000,"column":99}},"124":{"start":{"line":1001,"column":8},"end":{"line":1001,"column":40}},"125":{"start":{"line":1033,"column":8},"end":{"line":1033,"column":76}},"126":{"start":{"line":1034,"column":8},"end":{"line":1034,"column":77}},"127":{"start":{"line":1047,"column":8},"end":{"line":1047,"column":25}}},"branchMap":{"1":{"line":204,"type":"if","locations":[{"start":{"line":204,"column":8},"end":{"line":204,"column":8}},{"start":{"line":204,"column":8},"end":{"line":204,"column":8}}]},"2":{"line":289,"type":"if","locations":[{"start":{"line":289,"column":8},"end":{"line":289,"column":8}},{"start":{"line":289,"column":8},"end":{"line":289,"column":8}}]},"3":{"line":338,"type":"if","locations":[{"start":{"line":338,"column":8},"end":{"line":338,"column":8}},{"start":{"line":338,"column":8},"end":{"line":338,"column":8}}]},"4":{"line":350,"type":"if","locations":[{"start":{"line":350,"column":12},"end":{"line":350,"column":12}},{"start":{"line":350,"column":12},"end":{"line":350,"column":12}}]},"5":{"line":351,"type":"if","locations":[{"start":{"line":351,"column":16},"end":{"line":351,"column":16}},{"start":{"line":351,"column":16},"end":{"line":351,"column":16}}]},"6":{"line":354,"type":"if","locations":[{"start":{"line":354,"column":20},"end":{"line":354,"column":20}},{"start":{"line":354,"column":20},"end":{"line":354,"column":20}}]},"7":{"line":428,"type":"if","locations":[{"start":{"line":428,"column":8},"end":{"line":428,"column":8}},{"start":{"line":428,"column":8},"end":{"line":428,"column":8}}]},"8":{"line":429,"type":"if","locations":[{"start":{"line":429,"column":12},"end":{"line":429,"column":12}},{"start":{"line":429,"column":12},"end":{"line":429,"column":12}}]},"9":{"line":445,"type":"if","locations":[{"start":{"line":445,"column":8},"end":{"line":445,"column":8}},{"start":{"line":445,"column":8},"end":{"line":445,"column":8}}]},"10":{"line":547,"type":"if","locations":[{"start":{"line":547,"column":8},"end":{"line":547,"column":8}},{"start":{"line":547,"column":8},"end":{"line":547,"column":8}}]},"11":{"line":552,"type":"if","locations":[{"start":{"line":552,"column":8},"end":{"line":552,"column":8}},{"start":{"line":552,"column":8},"end":{"line":552,"column":8}}]},"12":{"line":553,"type":"if","locations":[{"start":{"line":553,"column":12},"end":{"line":553,"column":12}},{"start":{"line":553,"column":12},"end":{"line":553,"column":12}}]},"13":{"line":555,"type":"if","locations":[{"start":{"line":555,"column":8},"end":{"line":555,"column":8}},{"start":{"line":555,"column":8},"end":{"line":555,"column":8}}]},"14":{"line":586,"type":"if","locations":[{"start":{"line":586,"column":12},"end":{"line":586,"column":12}},{"start":{"line":586,"column":12},"end":{"line":586,"column":12}}]},"15":{"line":589,"type":"if","locations":[{"start":{"line":589,"column":16},"end":{"line":589,"column":16}},{"start":{"line":589,"column":16},"end":{"line":589,"column":16}}]},"16":{"line":591,"type":"if","locations":[{"start":{"line":591,"column":20},"end":{"line":591,"column":20}},{"start":{"line":591,"column":20},"end":{"line":591,"column":20}}]},"17":{"line":636,"type":"if","locations":[{"start":{"line":636,"column":8},"end":{"line":636,"column":8}},{"start":{"line":636,"column":8},"end":{"line":636,"column":8}}]},"18":{"line":637,"type":"if","locations":[{"start":{"line":637,"column":12},"end":{"line":637,"column":12}},{"start":{"line":637,"column":12},"end":{"line":637,"column":12}}]},"19":{"line":709,"type":"if","locations":[{"start":{"line":709,"column":12},"end":{"line":709,"column":12}},{"start":{"line":709,"column":12},"end":{"line":709,"column":12}}]},"20":{"line":735,"type":"if","locations":[{"start":{"line":735,"column":8},"end":{"line":735,"column":8}},{"start":{"line":735,"column":8},"end":{"line":735,"column":8}}]},"21":{"line":792,"type":"if","locations":[{"start":{"line":792,"column":12},"end":{"line":792,"column":12}},{"start":{"line":792,"column":12},"end":{"line":792,"column":12}}]},"22":{"line":822,"type":"if","locations":[{"start":{"line":822,"column":8},"end":{"line":822,"column":8}},{"start":{"line":822,"column":8},"end":{"line":822,"column":8}}]},"23":{"line":823,"type":"if","locations":[{"start":{"line":823,"column":8},"end":{"line":823,"column":8}},{"start":{"line":823,"column":8},"end":{"line":823,"column":8}}]},"24":{"line":824,"type":"if","locations":[{"start":{"line":824,"column":8},"end":{"line":824,"column":8}},{"start":{"line":824,"column":8},"end":{"line":824,"column":8}}]},"25":{"line":875,"type":"if","locations":[{"start":{"line":875,"column":12},"end":{"line":875,"column":12}},{"start":{"line":875,"column":12},"end":{"line":875,"column":12}}]},"26":{"line":884,"type":"if","locations":[{"start":{"line":884,"column":16},"end":{"line":884,"column":16}},{"start":{"line":884,"column":16},"end":{"line":884,"column":16}}]},"27":{"line":924,"type":"if","locations":[{"start":{"line":924,"column":8},"end":{"line":924,"column":8}},{"start":{"line":924,"column":8},"end":{"line":924,"column":8}}]},"28":{"line":926,"type":"if","locations":[{"start":{"line":926,"column":12},"end":{"line":926,"column":12}},{"start":{"line":926,"column":12},"end":{"line":926,"column":12}}]},"29":{"line":927,"type":"if","locations":[{"start":{"line":927,"column":16},"end":{"line":927,"column":16}},{"start":{"line":927,"column":16},"end":{"line":927,"column":16}}]},"30":{"line":963,"type":"if","locations":[{"start":{"line":963,"column":12},"end":{"line":963,"column":12}},{"start":{"line":963,"column":12},"end":{"line":963,"column":12}}]},"31":{"line":966,"type":"if","locations":[{"start":{"line":966,"column":16},"end":{"line":966,"column":16}},{"start":{"line":966,"column":16},"end":{"line":966,"column":16}}]},"32":{"line":968,"type":"if","locations":[{"start":{"line":968,"column":20},"end":{"line":968,"column":20}},{"start":{"line":968,"column":20},"end":{"line":968,"column":20}}]},"33":{"line":994,"type":"if","locations":[{"start":{"line":994,"column":8},"end":{"line":994,"column":8}},{"start":{"line":994,"column":8},"end":{"line":994,"column":8}}]}}},"contracts/tests/ERC721/azuki/IERC721A.sol":{"l":{},"path":"/home/dkravtsov1506/Desktop/no_yandex/TreasuryContracts/contracts/tests/ERC721/azuki/IERC721A.sol","s":{},"b":{},"f":{},"fnMap":{},"statementMap":{},"branchMap":{}},"contracts/tests/ERC721/BoredApeYachtClub.sol":{"l":{"23":84,"27":0,"28":0,"301":12,"310":0,"325":48,"326":48,"356":0,"357":0,"358":0,"367":0,"368":0,"380":0,"381":0,"382":0,"383":0,"392":0,"393":0,"402":0,"403":0,"417":4,"418":4,"419":4,"433":0,"434":0,"448":0,"449":0,"450":0,"451":0,"467":0,"468":0,"484":0,"485":0,"502":0,"503":0,"522":0,"523":0,"542":0,"543":0,"579":40,"581":40,"582":40,"602":0,"605":0,"606":0,"628":0,"638":0,"653":0,"663":0,"664":0,"667":0,"668":0,"678":0,"688":0,"691":0,"692":0,"702":0,"712":0,"715":0,"716":0,"720":0,"721":0,"724":0,"728":0,"733":0,"795":100,"796":100,"799":100,"800":100,"802":0,"814":60,"816":60,"821":60,"822":60,"827":60,"830":60,"832":60,"835":60,"838":60,"840":60,"842":0,"850":100,"857":22,"871":0,"872":0,"888":0,"898":0,"905":0,"912":0,"926":0,"942":0,"952":0,"959":0,"966":0,"980":0,"997":100,"1007":60,"1014":0,"1021":22,"1035":0,"1102":100,"1104":100,"1105":40,"1108":40,"1109":40,"1111":60,"1112":60,"1123":0,"1125":0,"1130":0,"1131":0,"1136":0,"1139":0,"1141":0,"1144":0,"1147":0,"1149":0,"1151":0,"1159":120,"1166":96,"1180":0,"1182":0,"1183":0,"1191":0,"1192":0,"1193":0,"1204":0,"1205":0,"1206":0,"1216":180,"1217":180,"1218":180,"1235":100,"1244":0,"1251":120,"1258":96,"1271":0,"1272":0,"1282":0,"1283":0,"1294":0,"1304":180,"1325":0,"1326":0,"1328":0,"1329":0,"1330":0,"1331":0,"1332":0,"1334":0,"1335":0,"1336":0,"1337":0,"1338":0,"1339":0,"1341":0,"1439":12,"1440":12,"1443":12,"1444":12,"1445":12,"1452":22,"1453":22,"1460":180,"1467":0,"1474":0,"1481":0,"1483":0,"1484":0,"1487":0,"1488":0,"1491":0,"1492":0,"1495":0,"1504":0,"1511":0,"1519":96,"1526":0,"1527":0,"1534":0,"1535":0,"1537":0,"1541":0,"1548":20,"1550":20,"1557":4,"1559":4,"1560":4,"1567":20,"1575":60,"1577":60,"1584":0,"1591":0,"1592":0,"1614":0,"1615":0,"1627":120,"1638":60,"1639":60,"1640":60,"1654":40,"1662":40,"1663":40,"1679":40,"1680":40,"1682":40,"1684":40,"1686":40,"1688":40,"1702":0,"1704":0,"1707":0,"1710":0,"1711":0,"1714":0,"1716":0,"1718":0,"1733":60,"1734":60,"1736":60,"1739":60,"1741":60,"1742":60,"1744":60,"1746":60,"1757":0,"1758":0,"1767":0,"1783":40,"1784":40,"1786":0,"1793":0,"1794":0,"1803":60,"1804":60,"1852":12,"1853":12,"1854":12,"1861":0,"1868":0,"1869":0,"1880":0,"1881":0,"1889":0,"1890":0,"1891":0,"1926":12,"1927":12,"1931":0,"1932":0,"1939":0,"1940":0,"1941":0,"1942":0,"1950":0,"1957":0,"1961":0,"1968":0,"1975":4,"1977":4,"1978":40,"1979":40,"1980":40,"1986":4,"1987":4,"1995":0,"1996":0,"1998":0,"2000":0,"2001":0,"2004":0,"2005":0,"2014":0,"2016":0},"path":"/home/dkravtsov1506/Desktop/no_yandex/TreasuryContracts/contracts/tests/ERC721/BoredApeYachtClub.sol","s":{"1":84,"2":0,"3":12,"4":0,"5":48,"6":48,"7":0,"8":0,"9":0,"10":0,"11":0,"12":0,"13":0,"14":0,"15":0,"16":0,"17":0,"18":0,"19":0,"20":0,"21":0,"22":0,"23":0,"24":0,"25":0,"26":4,"27":4,"28":4,"29":0,"30":0,"31":0,"32":0,"33":0,"34":0,"35":0,"36":0,"37":0,"38":0,"39":0,"40":0,"41":0,"42":0,"43":0,"44":0,"45":0,"46":40,"47":40,"48":0,"49":0,"50":0,"51":0,"52":0,"53":0,"54":0,"55":0,"56":0,"57":0,"58":0,"59":0,"60":0,"61":0,"62":0,"63":0,"64":0,"65":0,"66":0,"67":0,"68":0,"69":0,"70":100,"71":100,"72":100,"73":100,"74":0,"75":60,"76":60,"77":60,"78":60,"79":60,"80":60,"81":60,"82":60,"83":60,"84":0,"85":100,"86":22,"87":0,"88":0,"89":0,"90":0,"91":0,"92":0,"93":0,"94":0,"95":0,"96":0,"97":0,"98":0,"99":100,"100":60,"101":0,"102":22,"103":0,"104":100,"105":100,"106":40,"107":40,"108":40,"109":60,"110":60,"111":0,"112":0,"113":0,"114":0,"115":0,"116":0,"117":0,"118":0,"119":0,"120":0,"121":120,"122":96,"123":0,"124":0,"125":0,"126":0,"127":0,"128":0,"129":0,"130":0,"131":0,"132":0,"133":180,"134":180,"135":180,"136":100,"137":0,"138":120,"139":96,"140":0,"141":0,"142":0,"143":0,"144":0,"145":180,"146":0,"147":0,"148":0,"149":0,"150":0,"151":0,"152":0,"153":0,"154":0,"155":0,"156":0,"157":0,"158":0,"159":12,"160":12,"161":12,"162":12,"163":12,"164":22,"165":22,"166":180,"167":0,"168":0,"169":0,"170":0,"171":0,"172":0,"173":0,"174":0,"175":0,"176":0,"177":0,"178":0,"179":96,"180":0,"181":0,"182":0,"183":0,"184":0,"185":0,"186":20,"187":20,"188":4,"189":4,"190":4,"191":20,"192":60,"193":60,"194":0,"195":0,"196":0,"197":0,"198":0,"199":120,"200":60,"201":60,"202":60,"203":40,"204":40,"205":40,"206":40,"207":40,"208":40,"209":40,"210":40,"211":40,"212":0,"213":0,"214":0,"215":0,"216":0,"217":0,"218":0,"219":60,"220":60,"221":60,"222":60,"223":60,"224":60,"225":60,"226":60,"227":0,"228":0,"229":0,"230":40,"231":40,"232":0,"233":0,"234":0,"235":60,"236":60,"237":12,"238":12,"239":12,"240":0,"241":0,"242":0,"243":0,"244":0,"245":0,"246":0,"247":12,"248":12,"249":0,"250":0,"251":0,"252":0,"253":0,"254":0,"255":0,"256":0,"257":0,"258":0,"259":4,"260":4,"261":40,"262":40,"263":40,"264":4,"265":4,"266":0,"267":0,"268":0,"269":0,"270":0,"271":0,"272":0,"273":0,"274":0},"b":{"1":[48,0],"2":[0,0],"3":[0,0],"4":[0,0],"5":[0,0],"6":[0,0],"7":[0,0],"8":[4,0],"9":[0,0],"10":[0,0],"11":[0,0],"12":[0,0],"13":[0,0],"14":[0,0],"15":[0,0],"16":[0,0],"17":[0,0],"18":[0,0],"19":[0,0],"20":[0,0],"21":[0,0],"22":[0,0],"23":[0,0],"24":[0,0],"25":[100,0],"26":[60,0],"27":[0,0],"28":[40,60],"29":[0,0],"30":[0,0],"31":[0,0],"32":[0,0],"33":[180,0],"34":[0,0],"35":[22,0],"36":[0,0],"37":[0,0],"38":[0,0],"39":[0,0],"40":[0,0],"41":[20,0],"42":[4,0],"43":[60,0],"44":[0,0],"45":[0,0],"46":[60,0],"47":[40,0],"48":[40,0],"49":[40,0],"50":[0,0],"51":[60,0],"52":[60,0],"53":[0,0],"54":[40,0],"55":[0,0],"56":[0,0],"57":[4,0],"58":[40,0],"59":[4,0],"60":[0,0],"61":[0,0],"62":[0,0],"63":[0,0],"64":[0,0]},"f":{"1":84,"2":0,"3":12,"4":0,"5":48,"6":0,"7":0,"8":0,"9":0,"10":0,"11":4,"12":0,"13":0,"14":0,"15":0,"16":0,"17":0,"18":0,"19":40,"20":0,"21":0,"22":0,"23":0,"24":0,"25":0,"26":0,"27":0,"28":0,"29":0,"30":100,"31":60,"32":100,"33":22,"34":0,"35":0,"36":0,"37":0,"38":0,"39":0,"40":0,"41":0,"42":0,"43":0,"44":0,"45":100,"46":60,"47":0,"48":22,"49":0,"50":100,"51":0,"52":120,"53":96,"54":0,"55":0,"56":0,"57":180,"58":100,"59":0,"60":120,"61":96,"62":0,"63":0,"64":0,"65":180,"66":0,"67":12,"68":22,"69":180,"70":0,"71":0,"72":0,"73":0,"74":0,"75":96,"76":0,"77":0,"78":20,"79":4,"80":20,"81":60,"82":0,"83":0,"84":0,"85":120,"86":60,"87":40,"88":40,"89":40,"90":0,"91":60,"92":0,"93":0,"94":40,"95":60,"96":100,"97":12,"98":0,"99":0,"100":0,"101":0,"102":12,"103":0,"104":0,"105":0,"106":0,"107":0,"108":0,"109":4,"110":0,"111":0},"fnMap":{"1":{"name":"_msgSender","line":22,"loc":{"start":{"line":22,"column":4},"end":{"line":24,"column":4}}},"2":{"name":"_msgData","line":26,"loc":{"start":{"line":26,"column":4},"end":{"line":29,"column":4}}},"3":{"name":"constructor","line":298,"loc":{"start":{"line":298,"column":4},"end":{"line":302,"column":4}}},"4":{"name":"supportsInterface","line":309,"loc":{"start":{"line":309,"column":4},"end":{"line":311,"column":4}}},"5":{"name":"_registerInterface","line":324,"loc":{"start":{"line":324,"column":4},"end":{"line":327,"column":4}}},"6":{"name":"tryAdd","line":355,"loc":{"start":{"line":355,"column":4},"end":{"line":359,"column":4}}},"7":{"name":"trySub","line":366,"loc":{"start":{"line":366,"column":4},"end":{"line":369,"column":4}}},"8":{"name":"tryMul","line":376,"loc":{"start":{"line":376,"column":4},"end":{"line":384,"column":4}}},"9":{"name":"tryDiv","line":391,"loc":{"start":{"line":391,"column":4},"end":{"line":394,"column":4}}},"10":{"name":"tryMod","line":401,"loc":{"start":{"line":401,"column":4},"end":{"line":404,"column":4}}},"11":{"name":"add","line":416,"loc":{"start":{"line":416,"column":4},"end":{"line":420,"column":4}}},"12":{"name":"sub","line":432,"loc":{"start":{"line":432,"column":4},"end":{"line":435,"column":4}}},"13":{"name":"mul","line":447,"loc":{"start":{"line":447,"column":4},"end":{"line":452,"column":4}}},"14":{"name":"div","line":466,"loc":{"start":{"line":466,"column":4},"end":{"line":469,"column":4}}},"15":{"name":"mod","line":483,"loc":{"start":{"line":483,"column":4},"end":{"line":486,"column":4}}},"16":{"name":"sub","line":501,"loc":{"start":{"line":501,"column":4},"end":{"line":504,"column":4}}},"17":{"name":"div","line":521,"loc":{"start":{"line":521,"column":4},"end":{"line":524,"column":4}}},"18":{"name":"mod","line":541,"loc":{"start":{"line":541,"column":4},"end":{"line":544,"column":4}}},"19":{"name":"isContract","line":574,"loc":{"start":{"line":574,"column":4},"end":{"line":583,"column":4}}},"20":{"name":"sendValue","line":601,"loc":{"start":{"line":601,"column":4},"end":{"line":607,"column":4}}},"21":{"name":"functionCall","line":627,"loc":{"start":{"line":627,"column":4},"end":{"line":629,"column":4}}},"22":{"name":"functionCall","line":637,"loc":{"start":{"line":637,"column":4},"end":{"line":639,"column":4}}},"23":{"name":"functionCallWithValue","line":652,"loc":{"start":{"line":652,"column":4},"end":{"line":654,"column":4}}},"24":{"name":"functionCallWithValue","line":662,"loc":{"start":{"line":662,"column":4},"end":{"line":669,"column":4}}},"25":{"name":"functionStaticCall","line":677,"loc":{"start":{"line":677,"column":4},"end":{"line":679,"column":4}}},"26":{"name":"functionStaticCall","line":687,"loc":{"start":{"line":687,"column":4},"end":{"line":693,"column":4}}},"27":{"name":"functionDelegateCall","line":701,"loc":{"start":{"line":701,"column":4},"end":{"line":703,"column":4}}},"28":{"name":"functionDelegateCall","line":711,"loc":{"start":{"line":711,"column":4},"end":{"line":717,"column":4}}},"29":{"name":"_verifyCallResult","line":719,"loc":{"start":{"line":719,"column":4},"end":{"line":736,"column":4}}},"30":{"name":"_add","line":794,"loc":{"start":{"line":794,"column":4},"end":{"line":804,"column":4}}},"31":{"name":"_remove","line":812,"loc":{"start":{"line":812,"column":4},"end":{"line":844,"column":4}}},"32":{"name":"_contains","line":849,"loc":{"start":{"line":849,"column":4},"end":{"line":851,"column":4}}},"33":{"name":"_length","line":856,"loc":{"start":{"line":856,"column":4},"end":{"line":858,"column":4}}},"34":{"name":"_at","line":870,"loc":{"start":{"line":870,"column":4},"end":{"line":873,"column":4}}},"35":{"name":"add","line":887,"loc":{"start":{"line":887,"column":4},"end":{"line":889,"column":4}}},"36":{"name":"remove","line":897,"loc":{"start":{"line":897,"column":4},"end":{"line":899,"column":4}}},"37":{"name":"contains","line":904,"loc":{"start":{"line":904,"column":4},"end":{"line":906,"column":4}}},"38":{"name":"length","line":911,"loc":{"start":{"line":911,"column":4},"end":{"line":913,"column":4}}},"39":{"name":"at","line":925,"loc":{"start":{"line":925,"column":4},"end":{"line":927,"column":4}}},"40":{"name":"add","line":941,"loc":{"start":{"line":941,"column":4},"end":{"line":943,"column":4}}},"41":{"name":"remove","line":951,"loc":{"start":{"line":951,"column":4},"end":{"line":953,"column":4}}},"42":{"name":"contains","line":958,"loc":{"start":{"line":958,"column":4},"end":{"line":960,"column":4}}},"43":{"name":"length","line":965,"loc":{"start":{"line":965,"column":4},"end":{"line":967,"column":4}}},"44":{"name":"at","line":979,"loc":{"start":{"line":979,"column":4},"end":{"line":981,"column":4}}},"45":{"name":"add","line":996,"loc":{"start":{"line":996,"column":4},"end":{"line":998,"column":4}}},"46":{"name":"remove","line":1006,"loc":{"start":{"line":1006,"column":4},"end":{"line":1008,"column":4}}},"47":{"name":"contains","line":1013,"loc":{"start":{"line":1013,"column":4},"end":{"line":1015,"column":4}}},"48":{"name":"length","line":1020,"loc":{"start":{"line":1020,"column":4},"end":{"line":1022,"column":4}}},"49":{"name":"at","line":1034,"loc":{"start":{"line":1034,"column":4},"end":{"line":1036,"column":4}}},"50":{"name":"_set","line":1100,"loc":{"start":{"line":1100,"column":4},"end":{"line":1114,"column":4}}},"51":{"name":"_remove","line":1121,"loc":{"start":{"line":1121,"column":4},"end":{"line":1153,"column":4}}},"52":{"name":"_contains","line":1158,"loc":{"start":{"line":1158,"column":4},"end":{"line":1160,"column":4}}},"53":{"name":"_length","line":1165,"loc":{"start":{"line":1165,"column":4},"end":{"line":1167,"column":4}}},"54":{"name":"_at","line":1179,"loc":{"start":{"line":1179,"column":4},"end":{"line":1184,"column":4}}},"55":{"name":"_tryGet","line":1190,"loc":{"start":{"line":1190,"column":4},"end":{"line":1194,"column":4}}},"56":{"name":"_get","line":1203,"loc":{"start":{"line":1203,"column":4},"end":{"line":1207,"column":4}}},"57":{"name":"_get","line":1215,"loc":{"start":{"line":1215,"column":4},"end":{"line":1219,"column":4}}},"58":{"name":"set","line":1234,"loc":{"start":{"line":1234,"column":4},"end":{"line":1236,"column":4}}},"59":{"name":"remove","line":1243,"loc":{"start":{"line":1243,"column":4},"end":{"line":1245,"column":4}}},"60":{"name":"contains","line":1250,"loc":{"start":{"line":1250,"column":4},"end":{"line":1252,"column":4}}},"61":{"name":"length","line":1257,"loc":{"start":{"line":1257,"column":4},"end":{"line":1259,"column":4}}},"62":{"name":"at","line":1270,"loc":{"start":{"line":1270,"column":4},"end":{"line":1273,"column":4}}},"63":{"name":"tryGet","line":1281,"loc":{"start":{"line":1281,"column":4},"end":{"line":1284,"column":4}}},"64":{"name":"get","line":1293,"loc":{"start":{"line":1293,"column":4},"end":{"line":1295,"column":4}}},"65":{"name":"get","line":1303,"loc":{"start":{"line":1303,"column":4},"end":{"line":1305,"column":4}}},"66":{"name":"toString","line":1321,"loc":{"start":{"line":1321,"column":4},"end":{"line":1342,"column":4}}},"67":{"name":"constructor","line":1438,"loc":{"start":{"line":1438,"column":4},"end":{"line":1446,"column":4}}},"68":{"name":"balanceOf","line":1451,"loc":{"start":{"line":1451,"column":4},"end":{"line":1454,"column":4}}},"69":{"name":"ownerOf","line":1459,"loc":{"start":{"line":1459,"column":4},"end":{"line":1461,"column"
[...]
{"start":{"line":1481,"column":8},"end":{"line":1481,"column":83}},"170":{"start":{"line":1483,"column":8},"end":{"line":1483,"column":53}},"171":{"start":{"line":1484,"column":8},"end":{"line":1484,"column":38}},"172":{"start":{"line":1487,"column":8},"end":{"line":1487,"column":50823}},"173":{"start":{"line":1488,"column":12},"end":{"line":1488,"column":28}},"174":{"start":{"line":1491,"column":8},"end":{"line":1491,"column":50991}},"175":{"start":{"line":1492,"column":12},"end":{"line":1492,"column":60}},"176":{"start":{"line":1495,"column":8},"end":{"line":1495,"column":65}},"177":{"start":{"line":1504,"column":8},"end":{"line":1504,"column":23}},"178":{"start":{"line":1511,"column":8},"end":{"line":1511,"column":45}},"179":{"start":{"line":1519,"column":8},"end":{"line":1519,"column":36}},"180":{"start":{"line":1526,"column":8},"end":{"line":1526,"column":52}},"181":{"start":{"line":1527,"column":8},"end":{"line":1527,"column":22}},"182":{"start":{"line":1534,"column":8},"end":{"line":1534,"column":47}},"183":{"start":{"line":1535,"column":8},"end":{"line":1535,"column":64}},"184":{"start":{"line":1537,"column":8},"end":{"line":1537,"column":52600}},"185":{"start":{"line":1541,"column":8},"end":{"line":1541,"column":28}},"186":{"start":{"line":1548,"column":8},"end":{"line":1548,"column":80}},"187":{"start":{"line":1550,"column":8},"end":{"line":1550,"column":39}},"188":{"start":{"line":1557,"column":8},"end":{"line":1557,"column":69}},"189":{"start":{"line":1559,"column":8},"end":{"line":1559,"column":60}},"190":{"start":{"line":1560,"column":8},"end":{"line":1560,"column":61}},"191":{"start":{"line":1567,"column":8},"end":{"line":1567,"column":50}},"192":{"start":{"line":1575,"column":8},"end":{"line":1575,"column":110}},"193":{"start":{"line":1577,"column":8},"end":{"line":1577,"column":35}},"194":{"start":{"line":1584,"column":8},"end":{"line":1584,"column":46}},"195":{"start":{"line":1591,"column":8},"end":{"line":1591,"column":110}},"196":{"start":{"line":1592,"column":8},"end":{"line":1592,"column":46}},"197":{"start":{"line":1614,"column":8},"end":{"line":1614,"column":35}},"198":{"start":{"line":1615,"column":8},"end":{"line":1615,"column":118}},"199":{"start":{"line":1627,"column":8},"end":{"line":1627,"column":45}},"200":{"start":{"line":1638,"column":8},"end":{"line":1638,"column":80}},"201":{"start":{"line":1639,"column":8},"end":{"line":1639,"column":47}},"202":{"start":{"line":1640,"column":8},"end":{"line":1640,"column":111}},"203":{"start":{"line":1654,"column":8},"end":{"line":1654,"column":33}},"204":{"start":{"line":1662,"column":8},"end":{"line":1662,"column":25}},"205":{"start":{"line":1663,"column":8},"end":{"line":1663,"column":124}},"206":{"start":{"line":1679,"column":8},"end":{"line":1679,"column":68}},"207":{"start":{"line":1680,"column":8},"end":{"line":1680,"column":65}},"208":{"start":{"line":1682,"column":8},"end":{"line":1682,"column":52}},"209":{"start":{"line":1684,"column":8},"end":{"line":1684,"column":37}},"210":{"start":{"line":1686,"column":8},"end":{"line":1686,"column":36}},"211":{"start":{"line":1688,"column":8},"end":{"line":1688,"column":46}},"212":{"start":{"line":1702,"column":8},"end":{"line":1702,"column":47}},"213":{"start":{"line":1704,"column":8},"end":{"line":1704,"column":55}},"214":{"start":{"line":1707,"column":8},"end":{"line":1707,"column":36}},"215":{"start":{"line":1710,"column":8},"end":{"line":1710,"column":58781}},"216":{"start":{"line":1714,"column":8},"end":{"line":1714,"column":43}},"217":{"start":{"line":1716,"column":8},"end":{"line":1716,"column":35}},"218":{"start":{"line":1718,"column":8},"end":{"line":1718,"column":49}},"219":{"start":{"line":1733,"column":8},"end":{"line":1733,"column":92}},"220":{"start":{"line":1734,"column":8},"end":{"line":1734,"column":72}},"221":{"start":{"line":1736,"column":8},"end":{"line":1736,"column":46}},"222":{"start":{"line":1739,"column":8},"end":{"line":1739,"column":36}},"223":{"start":{"line":1741,"column":8},"end":{"line":1741,"column":42}},"224":{"start":{"line":1742,"column":8},"end":{"line":1742,"column":37}},"225":{"start":{"line":1744,"column":8},"end":{"line":1744,"column":36}},"226":{"start":{"line":1746,"column":8},"end":{"line":1746,"column":40}},"227":{"start":{"line":1757,"column":8},"end":{"line":1757,"column":80}},"228":{"start":{"line":1758,"column":8},"end":{"line":1758,"column":38}},"229":{"start":{"line":1767,"column":8},"end":{"line":1767,"column":26}},"230":{"start":{"line":1783,"column":8},"end":{"line":1783,"column":61301}},"231":{"start":{"line":1784,"column":12},"end":{"line":1784,"column":23}},"232":{"start":{"line":1786,"column":8},"end":{"line":1786,"column":61424}},"233":{"start":{"line":1793,"column":8},"end":{"line":1793,"column":56}},"234":{"start":{"line":1794,"column":8},"end":{"line":1794,"column":43}},"235":{"start":{"line":1803,"column":8},"end":{"line":1803,"column":36}},"236":{"start":{"line":1804,"column":8},"end":{"line":1804,"column":59}},"237":{"start":{"line":1852,"column":8},"end":{"line":1852,"column":40}},"238":{"start":{"line":1853,"column":8},"end":{"line":1853,"column":25}},"239":{"start":{"line":1854,"column":8},"end":{"line":1854,"column":56}},"240":{"start":{"line":1861,"column":8},"end":{"line":1861,"column":21}},"241":{"start":{"line":1868,"column":8},"end":{"line":1868,"column":75}},"242":{"start":{"line":1880,"column":8},"end":{"line":1880,"column":53}},"243":{"start":{"line":1881,"column":8},"end":{"line":1881,"column":26}},"244":{"start":{"line":1889,"column":8},"end":{"line":1889,"column":80}},"245":{"start":{"line":1890,"column":8},"end":{"line":1890,"column":51}},"246":{"start":{"line":1891,"column":8},"end":{"line":1891,"column":24}},"247":{"start":{"line":1926,"column":8},"end":{"line":1926,"column":22}},"248":{"start":{"line":1927,"column":8},"end":{"line":1927,"column":27}},"249":{"start":{"line":1931,"column":8},"end":{"line":1931,"column":44}},"250":{"start":{"line":1932,"column":8},"end":{"line":1932,"column":35}},"251":{"start":{"line":1939,"column":8},"end":{"line":1939,"column":35}},"252":{"start":{"line":1940,"column":8},"end":{"line":1940,"column":14}},"253":{"start":{"line":1941,"column":8},"end":{"line":1941,"column":66001}},"254":{"start":{"line":1942,"column":12},"end":{"line":1942,"column":44}},"255":{"start":{"line":1950,"column":8},"end":{"line":1950,"column":41}},"256":{"start":{"line":1957,"column":8},"end":{"line":1957,"column":39}},"257":{"start":{"line":1961,"column":8},"end":{"line":1961,"column":27}},"258":{"start":{"line":1968,"column":8},"end":{"line":1968,"column":35}},"259":{"start":{"line":1975,"column":8},"end":{"line":1975,"column":105}},"260":{"start":{"line":1977,"column":8},"end":{"line":1977,"column":66974}},"261":{"start":{"line":1978,"column":12},"end":{"line":1978,"column":42}},"262":{"start":{"line":1979,"column":12},"end":{"line":1979,"column":67077}},"263":{"start":{"line":1980,"column":16},"end":{"line":1980,"column":47}},"264":{"start":{"line":1986,"column":8},"end":{"line":1986,"column":67382}},"265":{"start":{"line":1987,"column":12},"end":{"line":1987,"column":44}},"266":{"start":{"line":1995,"column":8},"end":{"line":1995,"column":67}},"267":{"start":{"line":1996,"column":8},"end":{"line":1996,"column":75}},"268":{"start":{"line":1998,"column":8},"end":{"line":1998,"column":69}},"269":{"start":{"line":2000,"column":8},"end":{"line":2000,"column":68011}},"270":{"start":{"line":2001,"column":12},"end":{"line":2001,"column":71}},"271":{"start":{"line":2004,"column":8},"end":{"line":2004,"column":68189}},"272":{"start":{"line":2005,"column":12},"end":{"line":2005,"column":47}},"273":{"start":{"line":2014,"column":8},"end":{"line":2014,"column":67}},"274":{"start":{"line":2016,"column":8},"end":{"line":2016,"column":40}}},"branchMap":{"1":{"line":325,"type":"if","locations":[{"start":{"line":325,"column":8},"end":{"line":325,"column":8}},{"start":{"line":325,"column":8},"end":{"line":325,"column":8}}]},"2":{"line":357,"type":"if","locations":[{"start":{"line":357,"column":8},"end":{"line":357,"column":8}},{"start":{"line":357,"column":8},"end":{"line":357,"column":8}}]},"3":{"line":367,"type":"if","locations":[{"start":{"line":367,"column":8},"end":{"line":367,"column":8}},{"start":{"line":367,"column":8},"end":{"line":367,"column":8}}]},"4":{"line":380,"type":"if","locations":[{"start":{"line":380,"column":8},"end":{"line":380,"column":8}},{"start":{"line":380,"column":8},"end":{"line":380,"column":8}}]},"5":{"line":382,"type":"if","locations":[{"start":{"line":382,"column":8},"end":{"line":382,"column":8}},{"start":{"line":382,"column":8},"end":{"line":382,"column":8}}]},"6":{"line":392,"type":"if","locations":[{"start":{"line":392,"column":8},"end":{"line":392,"column":8}},{"start":{"line":392,"column":8},"end":{"line":392,"column":8}}]},"7":{"line":402,"type":"if","locations":[{"start":{"line":402,"column":8},"end":{"line":402,"column":8}},{"start":{"line":402,"column":8},"end":{"line":402,"column":8}}]},"8":{"line":418,"type":"if","locations":[{"start":{"line":418,"column":8},"end":{"line":418,"column":8}},{"start":{"line":418,"column":8},"end":{"line":418,"column":8}}]},"9":{"line":433,"type":"if","locations":[{"start":{"line":433,"column":8},"end":{"line":433,"column":8}},{"start":{"line":433,"column":8},"end":{"line":433,"column":8}}]},"10":{"line":448,"type":"if","locations":[{"start":{"line":448,"column":8},"end":{"line":448,"column":8}},{"start":{"line":448,"column":8},"end":{"line":448,"column":8}}]},"11":{"line":450,"type":"if","locations":[{"start":{"line":450,"column":8},"end":{"line":450,"column":8}},{"start":{"line":450,"column":8},"end":{"line":450,"column":8}}]},"12":{"line":467,"type":"if","locations":[{"start":{"line":467,"column":8},"end":{"line":467,"column":8}},{"start":{"line":467,"column":8},"end":{"line":467,"column":8}}]},"13":{"line":484,"type":"if","locations":[{"start":{"line":484,"column":8},"end":{"line":484,"column":8}},{"start":{"line":484,"column":8},"end":{"line":484,"column":8}}]},"14":{"line":502,"type":"if","locations":[{"start":{"line":502,"column":8},"end":{"line":502,"column":8}},{"start":{"line":502,"column":8},"end":{"line":502,"column":8}}]},"15":{"line":522,"type":"if","locations":[{"start":{"line":522,"column":8},"end":{"line":522,"column":8}},{"start":{"line":522,"column":8},"end":{"line":522,"column":8}}]},"16":{"line":542,"type":"if","locations":[{"start":{"line":542,"column":8},"end":{"line":542,"column":8}},{"start":{"line":542,"column":8},"end":{"line":542,"column":8}}]},"17":{"line":602,"type":"if","locations":[{"start":{"line":602,"column":8},"end":{"line":602,"column":8}},{"start":{"line":602,"column":8},"end":{"line":602,"column":8}}]},"18":{"line":606,"type":"if","locations":[{"start":{"line":606,"column":8},"end":{"line":606,"column":8}},{"start":{"line":606,"column":8},"end":{"line":606,"column":8}}]},"19":{"line":663,"type":"if","locations":[{"start":{"line":663,"column":8},"end":{"line":663,"column":8}},{"start":{"line":663,"column":8},"end":{"line":663,"column":8}}]},"20":{"line":664,"type":"if","locations":[{"start":{"line":664,"column":8},"end":{"line":664,"column":8}},{"start":{"line":664,"column":8},"end":{"line":664,"column":8}}]},"21":{"line":688,"type":"if","locations":[{"start":{"line":688,"column":8},"end":{"line":688,"column":8}},{"start":{"line":688,"column":8},"end":{"line":688,"column":8}}]},"22":{"line":712,"type":"if","locations":[{"start":{"line":712,"column":8},"end":{"line":712,"column":8}},{"start":{"line":712,"column":8},"end":{"line":712,"column":8}}]},"23":{"line":720,"type":"if","locations":[{"start":{"line":720,"column":8},"end":{"line":720,"column":8}},{"start":{"line":720,"column":8},"end":{"line":720,"column":8}}]},"24":{"line":724,"type":"if","locations":[{"start":{"line":724,"column":12},"end":{"line":724,"column":12}},{"start":{"line":724,"column":12},"end":{"line":724,"column":12}}]},"25":{"line":795,"type":"if","locations":[{"start":{"line":795,"column":8},"end":{"line":795,"column":8}},{"start":{"line":795,"column":8},"end":{"line":795,"column":8}}]},"26":{"line":816,"type":"if","locations":[{"start":{"line":816,"column":8},"end":{"line":816,"column":8}},{"start":{"line":816,"column":8},"end":{"line":816,"column":8}}]},"27":{"line":871,"type":"if","locations":[{"start":{"line":871,"column":8},"end":{"line":871,"column":8}},{"start":{"line":871,"column":8},"end":{"line":871,"column":8}}]},"28":{"line":1104,"type":"if","locations":[{"start":{"line":1104,"column":8},"end":{"line":1104,"column":8}},{"start":{"line":1104,"column":8},"end":{"line":1104,"column":8}}]},"29":{"line":1125,"type":"if","locations":[{"start":{"line":1125,"column":8},"end":{"line":1125,"column":8}},{"start":{"line":1125,"column":8},"end":{"line":1125,"column":8}}]},"30":{"line":1180,"type":"if","locations":[{"start":{"line":1180,"column":8},"end":{"line":1180,"column":8}},{"start":{"line":1180,"column":8},"end":{"line":1180,"column":8}}]},"31":{"line":1192,"type":"if","locations":[{"start":{"line":1192,"column":8},"end":{"line":1192,"column":8}},{"start":{"line":1192,"column":8},"end":{"line":1192,"column":8}}]},"32":{"line":1205,"type":"if","locations":[{"start":{"line":1205,"column":8},"end":{"line":1205,"column":8}},{"start":{"line":1205,"column":8},"end":{"line":1205,"column":8}}]},"33":{"line":1217,"type":"if","locations":[{"start":{"line":1217,"column":8},"end":{"line":1217,"column":8}},{"start":{"line":1217,"column":8},"end":{"line":1217,"column":8}}]},"34":{"line":1325,"type":"if","locations":[{"start":{"line":1325,"column":8},"end":{"line":1325,"column":8}},{"start":{"line":1325,"column":8},"end":{"line":1325,"column":8}}]},"35":{"line":1452,"type":"if","locations":[{"start":{"line":1452,"column":8},"end":{"line":1452,"column":8}},{"start":{"line":1452,"column":8},"end":{"line":1452,"column":8}}]},"36":{"line":1481,"type":"if","locations":[{"start":{"line":1481,"column":8},"end":{"line":1481,"column":8}},{"start":{"line":1481,"column":8},"end":{"line":1481,"column":8}}]},"37":{"line":1487,"type":"if","locations":[{"start":{"line":1487,"column":8},"end":{"line":1487,"column":8}},{"start":{"line":1487,"column":8},"end":{"line":1487,"column":8}}]},"38":{"line":1491,"type":"if","locations":[{"start":{"line":1491,"column":8},"end":{"line":1491,"column":8}},{"start":{"line":1491,"column":8},"end":{"line":1491,"column":8}}]},"39":{"line":1535,"type":"if","locations":[{"start":{"line":1535,"column":8},"end":{"line":1535,"column":8}},{"start":{"line":1535,"column":8},"end":{"line":1535,"column":8}}]},"40":{"line":1537,"type":"if","locations":[{"start":{"line":1537,"column":8},"end":{"line":1537,"column":8}},{"start":{"line":1537,"column":8},"end":{"line":1537,"column":8}}]},"41":{"line":1548,"type":"if","locations":[{"start":{"line":1548,"column":8},"end":{"line":1548,"column":8}},{"start":{"line":1548,"column":8},"end":{"line":1548,"column":8}}]},"42":{"line":1557,"type":"if","locations":[{"start":{"line":1557,"column":8},"end":{"line":1557,"column":8}},{"start":{"line":1557,"column":8},"end":{"line":1557,"column":8}}]},"43":{"line":1575,"type":"if","locations":[{"start":{"line":1575,"column":8},"end":{"line":1575,"column":8}},{"start":{"line":1575,"column":8},"end":{"line":1575,"column":8}}]},"44":{"line":1591,"type":"if","locations":[{"start":{"line":1591,"column":8},"end":{"line":1591,"column":8}},{"start":{"line":1591,"column":8},"end":{"line":1591,"column":8}}]},"45":{"line":1615,"type":"if","locations":[{"start":{"line":1615,"column":8},"end":{"line":1615,"column":8}},{"start":{"line":1615,"column":8},"end":{"line":1615,"column":8}}]},"46":{"line":1638,"type":"if","locations":[{"start":{"line":1638,"column":8},"end":{"line":1638,"column":8}},{"start":{"line":1638,"column":8},"end":{"line":1638,"column":8}}]},"47":{"line":1663,"type":"if","locations":[{"start":{"line":1663,"column":8},"end":{"line":1663,"column":8}},{"start":{"line":1663,"column":8},"end":{"line":1663,"column":8}}]},"48":{"line":1679,"type":"if","locations":[{"start":{"line":1679,"column":8},"end":{"line":1679,"column":8}},{"start":{"line":1679,"column":8},"end":{"line":1679,"column":8}}]},"49":{"line":1680,"type":"if","locations":[{"start":{"line":1680,"column":8},"end":{"line":1680,"column":8}},{"start":{"line":1680,"column":8},"end":{"line":1680,"column":8}}]},"50":{"line":1710,"type":"if","locations":[{"start":{"line":1710,"column":8},"end":{"line":1710,"column":8}},{"start":{"line":1710,"column":8},"end":{"line":1710,"column":8}}]},"51":{"line":1733,"type":"if","locations":[{"start":{"line":1733,"column":8},"end":{"line":1733,"column":8}},{"start":{"line":1733,"column":8},"end":{"line":1733,"column":8}}]},"52":{"line":1734,"type":"if","locations":[{"start":{"line":1734,"column":8},"end":{"line":1734,"column":8}},{"start":{"line":1734,"column":8},"end":{"line":1734,"column":8}}]},"53":{"line":1757,"type":"if","locations":[{"start":{"line":1757,"column":8},"end":{"line":1757,"column":8}},{"start":{"line":1757,"column":8},"end":{"line":1757,"column":8}}]},"54":{"line":1783,"type":"if","locations":[{"start":{"line":1783,"column":8},"end":{"line":1783,"column":8}},{"start":{"line":1783,"column":8},"end":{"line":1783,"column":8}}]},"55":{"line":1868,"type":"if","locations":[{"start":{"line":1868,"column":8},"end":{"line":1868,"column":8}},{"start":{"line":1868,"column":8},"end":{"line":1868,"column":8}}]},"56":{"line":1889,"type":"if","locations":[{"start":{"line":1889,"column":8},"end":{"line":1889,"column":8}},{"start":{"line":1889,"column":8},"end":{"line":1889,"column":8}}]},"57":{"line":1975,"type":"if","locations":[{"start":{"line":1975,"column":8},"end":{"line":1975,"column":8}},{"start":{"line":1975,"column":8},"end":{"line":1975,"column":8}}]},"58":{"line":1979,"type":"if","locations":[{"start":{"line":1979,"column":12},"end":{"line":1979,"column":12}},{"start":{"line":1979,"column":12},"end":{"line":1979,"column":12}}]},"59":{"line":1986,"type":"if","locations":[{"start":{"line":1986,"column":8},"end":{"line":1986,"column":8}},{"start":{"line":1986,"column":8},"end":{"line":1986,"column":8}}]},"60":{"line":1995,"type":"if","locations":[{"start":{"line":1995,"column":8},"end":{"line":1995,"column":8}},{"start":{"line":1995,"column":8},"end":{"line":1995,"column":8}}]},"61":{"line":1996,"type":"if","locations":[{"start":{"line":1996,"column":8},"end":{"line":1996,"column":8}},{"start":{"line":1996,"column":8},"end":{"line":1996,"column":8}}]},"62":{"line":2000,"type":"if","locations":[{"start":{"line":2000,"column":8},"end":{"line":2000,"column":8}},{"start":{"line":2000,"column":8},"end":{"line":2000,"column":8}}]},"63":{"line":2004,"type":"if","locations":[{"start":{"line":2004,"column":8},"end":{"line":2004,"column":8}},{"start":{"line":2004,"column":8},"end":{"line":2004,"column":8}}]},"64":{"line":2014,"type":"if","locations":[{"start":{"line":2014,"column":8},"end":{"line":2014,"column":8}},{"start":{"line":2014,"column":8},"end":{"line":2014,"column":8}}]}}},"contracts/tests/ERC721/BurnableERC721.sol":{"l":{"14":10,"15":100,"25":220,"34":0},"path":"/home/dkravtsov1506/Desktop/no_yandex/TreasuryContracts/contracts/tests/ERC721/BurnableERC721.sol","s":{"1":10,"2":100,"3":220,"4":0},"b":{},"f":{"1":30,"2":10,"3":220,"4":0},"fnMap":{"1":{"name":"constructor","line":10,"loc":{"start":{"line":10,"column":4},"end":{"line":11,"column":4}}},"2":{"name":"mint","line":13,"loc":{"start":{"line":13,"column":4},"end":{"line":17,"column":4}}},"3":{"name":"_beforeTokenTransfer","line":19,"loc":{"start":{"line":19,"column":4},"end":{"line":26,"column":4}}},"4":{"name":"supportsInterface","line":28,"loc":{"start":{"line":28,"column":4},"end":{"line":35,"column":4}}}},"statementMap":{"1":{"start":{"line":14,"column":8},"end":{"line":14,"column":513}},"2":{"start":{"line":15,"column":12},"end":{"line":15,"column":47}},"3":{"start":{"line":25,"column":8},"end":{"line":25,"column":68}},"4":{"start":{"line":34,"column":8},"end":{"line":34,"column":51}}},"branchMap":{}}}